<!DOCTYPE html>

<html>
  <head>
  <title>TestNG reports</title>

    <link type="text/css" href="testng-reports.css" rel="stylesheet" />  
    <script type="text/javascript" src="jquery-1.7.1.min.js"></script>
    <script type="text/javascript" src="testng-reports.js"></script>
    <script type="text/javascript" src="https://www.google.com/jsapi"></script>
    <script type='text/javascript'>
      google.load('visualization', '1', {packages:['table']});
      google.setOnLoadCallback(drawTable);
      var suiteTableInitFunctions = new Array();
      var suiteTableData = new Array();
    </script>
    <!--
      <script type="text/javascript" src="jquery-ui/js/jquery-ui-1.8.16.custom.min.js"></script>
     -->
  </head>

  <body>
    <div class="top-banner-root">
      <span class="top-banner-title-font">Test results</span>
      <br/>
      <span class="top-banner-font-1">1 suite, 2 failed tests</span>
    </div> <!-- top-banner-root -->
    <div class="navigator-root">
      <div class="navigator-suite-header">
        <span>All suites</span>
        <a href="#" class="collapse-all-link" title="Collapse/expand all the suites">
          <img class="collapse-all-icon" src="collapseall.gif">
          </img> <!-- collapse-all-icon -->
        </a> <!-- collapse-all-link -->
      </div> <!-- navigator-suite-header -->
      <div class="suite">
        <div class="rounded-window">
          <div class="suite-header light-rounded-window-top">
            <a href="#" class="navigator-link" panel-name="suite-Default_suite">
              <span class="suite-name border-failed">Default suite</span>
            </a> <!-- navigator-link -->
          </div> <!-- suite-header light-rounded-window-top -->
          <div class="navigator-suite-content">
            <div class="suite-section-title">
              <span>Info</span>
            </div> <!-- suite-section-title -->
            <div class="suite-section-content">
              <ul>
                <li>
                  <a href="#" class="navigator-link " panel-name="test-xml-Default_suite">
                    <span>testng-customsuite.xml</span>
                  </a> <!-- navigator-link  -->
                </li>
                <li>
                  <a href="#" class="navigator-link " panel-name="testlist-Default_suite">
                    <span class="test-stats">1 test</span>
                  </a> <!-- navigator-link  -->
                </li>
                <li>
                  <a href="#" class="navigator-link " panel-name="group-Default_suite">
                    <span>0 groups</span>
                  </a> <!-- navigator-link  -->
                </li>
                <li>
                  <a href="#" class="navigator-link " panel-name="times-Default_suite">
                    <span>Times</span>
                  </a> <!-- navigator-link  -->
                </li>
                <li>
                  <a href="#" class="navigator-link " panel-name="reporter-Default_suite">
                    <span>Reporter output</span>
                  </a> <!-- navigator-link  -->
                </li>
                <li>
                  <a href="#" class="navigator-link " panel-name="ignored-methods-Default_suite">
                    <span>Ignored methods</span>
                  </a> <!-- navigator-link  -->
                </li>
                <li>
                  <a href="#" class="navigator-link " panel-name="chronological-Default_suite">
                    <span>Chronological view</span>
                  </a> <!-- navigator-link  -->
                </li>
              </ul>
            </div> <!-- suite-section-content -->
            <div class="result-section">
              <div class="suite-section-title">
                <span>Results</span>
              </div> <!-- suite-section-title -->
              <div class="suite-section-content">
                <ul>
                  <li>
                    <span class="method-stats">38 methods, 2 failed,   36 passed</span>
                  </li>
                  <li>
                    <span class="method-list-title failed">Failed methods</span>
                    <span class="show-or-hide-methods failed">
                      <a href="#" panel-name="suite-Default_suite" class="hide-methods failed suite-Default_suite"> (hide)</a> <!-- hide-methods failed suite-Default_suite -->
                      <a href="#" panel-name="suite-Default_suite" class="show-methods failed suite-Default_suite"> (show)</a> <!-- show-methods failed suite-Default_suite -->
                    </span>
                    <div class="method-list-content failed suite-Default_suite">
                      <span>
                        <img width="3%" src="failed.png"/>
                        <a href="#" class="method navigator-link" panel-name="suite-Default_suite" title="nl.naturalis.selenium.crs.tests.Test02" hash-for-method="checkEnterStorageUnits">checkEnterStorageUnits</a> <!-- method navigator-link -->
                      </span>
                      <br/>
                      <span>
                        <img width="3%" src="failed.png"/>
                        <a href="#" class="method navigator-link" panel-name="suite-Default_suite" title="nl.naturalis.selenium.crs.tests.Test02" hash-for-method="checkIncorrectSubmissionValueTest1A">checkIncorrectSubmissionValueTest1A</a> <!-- method navigator-link -->
                      </span>
                      <br/>
                    </div> <!-- method-list-content failed suite-Default_suite -->
                  </li>
                  <li>
                    <span class="method-list-title passed">Passed methods</span>
                    <span class="show-or-hide-methods passed">
                      <a href="#" panel-name="suite-Default_suite" class="hide-methods passed suite-Default_suite"> (hide)</a> <!-- hide-methods passed suite-Default_suite -->
                      <a href="#" panel-name="suite-Default_suite" class="show-methods passed suite-Default_suite"> (show)</a> <!-- show-methods passed suite-Default_suite -->
                    </span>
                    <div class="method-list-content passed suite-Default_suite">
                      <span>
                        <img width="3%" src="passed.png"/>
                        <a href="#" class="method navigator-link" panel-name="suite-Default_suite" title="nl.naturalis.selenium.crs.tests.Test02" hash-for-method="checkAutosuggestStorageUnit">checkAutosuggestStorageUnit</a> <!-- method navigator-link -->
                      </span>
                      <br/>
                      <span>
                        <img width="3%" src="passed.png"/>
                        <a href="#" class="method navigator-link" panel-name="suite-Default_suite" title="nl.naturalis.selenium.crs.tests.Test02" hash-for-method="checkContextDisplay">checkContextDisplay</a> <!-- method navigator-link -->
                      </span>
                      <br/>
                      <span>
                        <img width="3%" src="passed.png"/>
                        <a href="#" class="method navigator-link" panel-name="suite-Default_suite" title="nl.naturalis.selenium.crs.tests.Test02" hash-for-method="checkCreateRegistrationNumber">checkCreateRegistrationNumber</a> <!-- method navigator-link -->
                      </span>
                      <br/>
                      <span>
                        <img width="3%" src="passed.png"/>
                        <a href="#" class="method navigator-link" panel-name="suite-Default_suite" title="nl.naturalis.selenium.crs.tests.Test02" hash-for-method="checkCreateRegistrationNumberWithE">checkCreateRegistrationNumberWithE</a> <!-- method navigator-link -->
                      </span>
                      <br/>
                      <span>
                        <img width="3%" src="passed.png"/>
                        <a href="#" class="method navigator-link" panel-name="suite-Default_suite" title="nl.naturalis.selenium.crs.tests.Test02" hash-for-method="checkEnterRegistrationNumberWithE">checkEnterRegistrationNumberWithE</a> <!-- method navigator-link -->
                      </span>
                      <br/>
                      <span>
                        <img width="3%" src="passed.png"/>
                        <a href="#" class="method navigator-link" panel-name="suite-Default_suite" title="nl.naturalis.selenium.crs.tests.Test02" hash-for-method="checkEnterRegistrationNumberWithoutE">checkEnterRegistrationNumberWithoutE</a> <!-- method navigator-link -->
                      </span>
                      <br/>
                      <span>
                        <img width="3%" src="passed.png"/>
                        <a href="#" class="method navigator-link" panel-name="suite-Default_suite" title="nl.naturalis.selenium.crs.tests.Test02" hash-for-method="checkIconInfo">checkIconInfo</a> <!-- method navigator-link -->
                      </span>
                      <br/>
                      <span>
                        <img width="3%" src="passed.png"/>
                        <a href="#" class="method navigator-link" panel-name="suite-Default_suite" title="nl.naturalis.selenium.crs.tests.Test02" hash-for-method="checkIllegalValuesStorageLocations">checkIllegalValuesStorageLocations</a> <!-- method navigator-link -->
                      </span>
                      <br/>
                      <span>
                        <img width="3%" src="passed.png"/>
                        <a href="#" class="method navigator-link" panel-name="suite-Default_suite" title="nl.naturalis.selenium.crs.tests.Test02" hash-for-method="checkIllegalValuesStorageUnit">checkIllegalValuesStorageUnit</a> <!-- method navigator-link -->
                      </span>
                      <br/>
                      <span>
                        <img width="3%" src="passed.png"/>
                        <a href="#" class="method navigator-link" panel-name="suite-Default_suite" title="nl.naturalis.selenium.crs.tests.Test02" hash-for-method="checkIncorrectSubmissionValueTest1B">checkIncorrectSubmissionValueTest1B</a> <!-- method navigator-link -->
                      </span>
                      <br/>
                      <span>
                        <img width="3%" src="passed.png"/>
                        <a href="#" class="method navigator-link" panel-name="suite-Default_suite" title="nl.naturalis.selenium.crs.tests.Test02" hash-for-method="checkIncorrectSubmissionValueTest1C">checkIncorrectSubmissionValueTest1C</a> <!-- method navigator-link -->
                      </span>
                      <br/>
                      <span>
                        <img width="3%" src="passed.png"/>
                        <a href="#" class="method navigator-link" panel-name="suite-Default_suite" title="nl.naturalis.selenium.crs.tests.Test02" hash-for-method="checkIncorrectSubmissionValueTest2A">checkIncorrectSubmissionValueTest2A</a> <!-- method navigator-link -->
                      </span>
                      <br/>
                      <span>
                        <img width="3%" src="passed.png"/>
                        <a href="#" class="method navigator-link" panel-name="suite-Default_suite" title="nl.naturalis.selenium.crs.tests.Test02" hash-for-method="checkIncorrectSubmissionValueTest2B">checkIncorrectSubmissionValueTest2B</a> <!-- method navigator-link -->
                      </span>
                      <br/>
                      <span>
                        <img width="3%" src="passed.png"/>
                        <a href="#" class="method navigator-link" panel-name="suite-Default_suite" title="nl.naturalis.selenium.crs.tests.Test02" hash-for-method="checkIncorrectSubmissionValueTest2C">checkIncorrectSubmissionValueTest2C</a> <!-- method navigator-link -->
                      </span>
                      <br/>
                      <span>
                        <img width="3%" src="passed.png"/>
                        <a href="#" class="method navigator-link" panel-name="suite-Default_suite" title="nl.naturalis.selenium.crs.tests.Test02" hash-for-method="checkIncorrectSubmissionValueTest3A">checkIncorrectSubmissionValueTest3A</a> <!-- method navigator-link -->
                      </span>
                      <br/>
                      <span>
                        <img width="3%" src="passed.png"/>
                        <a href="#" class="method navigator-link" panel-name="suite-Default_suite" title="nl.naturalis.selenium.crs.tests.Test02" hash-for-method="checkIncorrectSubmissionValueTest3B">checkIncorrectSubmissionValueTest3B</a> <!-- method navigator-link -->
                      </span>
                      <br/>
                      <span>
                        <img width="3%" src="passed.png"/>
                        <a href="#" class="method navigator-link" panel-name="suite-Default_suite" title="nl.naturalis.selenium.crs.tests.Test02" hash-for-method="checkIncorrectSubmissionValueTest3C">checkIncorrectSubmissionValueTest3C</a> <!-- method navigator-link -->
                      </span>
                      <br/>
                      <span>
                        <img width="3%" src="passed.png"/>
                        <a href="#" class="method navigator-link" panel-name="suite-Default_suite" title="nl.naturalis.selenium.crs.tests.Test02" hash-for-method="checkIncorrectSubmissionValueTest4A">checkIncorrectSubmissionValueTest4A</a> <!-- method navigator-link -->
                      </span>
                      <br/>
                      <span>
                        <img width="3%" src="passed.png"/>
                        <a href="#" class="method navigator-link" panel-name="suite-Default_suite" title="nl.naturalis.selenium.crs.tests.Test02" hash-for-method="checkIncorrectSubmissionValueTest4B">checkIncorrectSubmissionValueTest4B</a> <!-- method navigator-link -->
                      </span>
                      <br/>
                      <span>
                        <img width="3%" src="passed.png"/>
                        <a href="#" class="method navigator-link" panel-name="suite-Default_suite" title="nl.naturalis.selenium.crs.tests.Test02" hash-for-method="checkIncorrectSubmissionValueTest4C">checkIncorrectSubmissionValueTest4C</a> <!-- method navigator-link -->
                      </span>
                      <br/>
                      <span>
                        <img width="3%" src="passed.png"/>
                        <a href="#" class="method navigator-link" panel-name="suite-Default_suite" title="nl.naturalis.selenium.crs.tests.Test02" hash-for-method="checkNumber">checkNumber</a> <!-- method navigator-link -->
                      </span>
                      <br/>
                      <span>
                        <img width="3%" src="passed.png"/>
                        <a href="#" class="method navigator-link" panel-name="suite-Default_suite" title="nl.naturalis.selenium.crs.tests.Test02" hash-for-method="checkPrefix">checkPrefix</a> <!-- method navigator-link -->
                      </span>
                      <br/>
                      <span>
                        <img width="3%" src="passed.png"/>
                        <a href="#" class="method navigator-link" panel-name="suite-Default_suite" title="nl.naturalis.selenium.crs.tests.Test02" hash-for-method="checkRegistrationNumber">checkRegistrationNumber</a> <!-- method navigator-link -->
                      </span>
                      <br/>
                      <span>
                        <img width="3%" src="passed.png"/>
                        <a href="#" class="method navigator-link" panel-name="suite-Default_suite" title="nl.naturalis.selenium.crs.tests.Test02" hash-for-method="checkSuffix">checkSuffix</a> <!-- method navigator-link -->
                      </span>
                      <br/>
                      <span>
                        <img width="3%" src="passed.png"/>
                        <a href="#" class="method navigator-link" panel-name="suite-Default_suite" title="nl.naturalis.selenium.crs.tests.Test02" hash-for-method="checkTextEntryBasisOfRecord">checkTextEntryBasisOfRecord</a> <!-- method navigator-link -->
                      </span>
                      <br/>
                      <span>
                        <img width="3%" src="passed.png"/>
                        <a href="#" class="method navigator-link" panel-name="suite-Default_suite" title="nl.naturalis.selenium.crs.tests.Test02" hash-for-method="checkTextEntryCurrentCollectionName">checkTextEntryCurrentCollectionName</a> <!-- method navigator-link -->
                      </span>
                      <br/>
                      <span>
                        <img width="3%" src="passed.png"/>
                        <a href="#" class="method navigator-link" panel-name="suite-Default_suite" title="nl.naturalis.selenium.crs.tests.Test02" hash-for-method="checkTextEntryMount">checkTextEntryMount</a> <!-- method navigator-link -->
                      </span>
                      <br/>
                      <span>
                        <img width="3%" src="passed.png"/>
                        <a href="#" class="method navigator-link" panel-name="suite-Default_suite" title="nl.naturalis.selenium.crs.tests.Test02" hash-for-method="checkTextEntryPreservedPart">checkTextEntryPreservedPart</a> <!-- method navigator-link -->
                      </span>
                      <br/>
                      <span>
                        <img width="3%" src="passed.png"/>
                        <a href="#" class="method navigator-link" panel-name="suite-Default_suite" title="nl.naturalis.selenium.crs.tests.Test02" hash-for-method="checkThesaurusAndBinIcons">checkThesaurusAndBinIcons</a> <!-- method navigator-link -->
                      </span>
                      <br/>
                      <span>
                        <img width="3%" src="passed.png"/>
                        <a href="#" class="method navigator-link" panel-name="suite-Default_suite" title="nl.naturalis.selenium.crs.tests.Test02" hash-for-method="clickAddSpecimen">clickAddSpecimen</a> <!-- method navigator-link -->
                      </span>
                      <br/>
                      <span>
                        <img width="3%" src="passed.png"/>
                        <a href="#" class="method navigator-link" panel-name="suite-Default_suite" title="nl.naturalis.selenium.crs.tests.Test02" hash-for-method="detailPageOpen">detailPageOpen</a> <!-- method navigator-link -->
                      </span>
                      <br/>
                      <span>
                        <img width="3%" src="passed.png"/>
                        <a href="#" class="method navigator-link" panel-name="suite-Default_suite" title="nl.naturalis.selenium.crs.tests.Test02" hash-for-method="homePageDoLogin">homePageDoLogin</a> <!-- method navigator-link -->
                      </span>
                      <br/>
                      <span>
                        <img width="3%" src="passed.png"/>
                        <a href="#" class="method navigator-link" panel-name="suite-Default_suite" title="nl.naturalis.selenium.crs.tests.Test02" hash-for-method="homePageOpen">homePageOpen</a> <!-- method navigator-link -->
                      </span>
                      <br/>
                      <span>
                        <img width="3%" src="passed.png"/>
                        <a href="#" class="method navigator-link" panel-name="suite-Default_suite" title="nl.naturalis.selenium.crs.tests.Test02" hash-for-method="openFormSelect">openFormSelect</a> <!-- method navigator-link -->
                      </span>
                      <br/>
                      <span>
                        <img width="3%" src="passed.png"/>
                        <a href="#" class="method navigator-link" panel-name="suite-Default_suite" title="nl.naturalis.selenium.crs.tests.Test02" hash-for-method="selectSpecifiedForm">selectSpecifiedForm</a> <!-- method navigator-link -->
                      </span>
                      <br/>
                      <span>
                        <img width="3%" src="passed.png"/>
                        <a href="#" class="method navigator-link" panel-name="suite-Default_suite" title="nl.naturalis.selenium.crs.tests.Test02" hash-for-method="startPageTitle">startPageTitle</a> <!-- method navigator-link -->
                      </span>
                      <br/>
                    </div> <!-- method-list-content passed suite-Default_suite -->
                  </li>
                </ul>
              </div> <!-- suite-section-content -->
            </div> <!-- result-section -->
          </div> <!-- navigator-suite-content -->
        </div> <!-- rounded-window -->
      </div> <!-- suite -->
    </div> <!-- navigator-root -->
    <div class="wrapper">
      <div class="main-panel-root">
        <div panel-name="suite-Default_suite" class="panel Default_suite">
          <div class="suite-Default_suite-class-failed">
            <div class="main-panel-header rounded-window-top">
              <img src="failed.png"/>
              <span class="class-name">nl.naturalis.selenium.crs.tests.Test02</span>
            </div> <!-- main-panel-header rounded-window-top -->
            <div class="main-panel-content rounded-window-bottom">
              <div class="method">
                <div class="method-content">
                  <a name="checkEnterStorageUnits">
                  </a> <!-- checkEnterStorageUnits -->
                  <span class="method-name">checkEnterStorageUnits</span>
                  <div class="stack-trace"><b>"org.openqa.selenium.NoSuchElementException: no such element: Unable to locate element: {&quot;method&quot;:&quot;partial link text&quot;,&quot;selector&quot;:&quot;BE.0000001&quot;}
  (Session info: chrome=55.0.2883.75)
  (Driver info: chromedriver=2.24.417424 (c5c5ea873213ee72e3d0929b47482681555340c3),platform=Linux 4.4.0-53-generic x86_64) (WARNING: The server did not provide any stacktrace information)
Command duration or timeout: 1.04 seconds
For documentation on this error, please visit: http://seleniumhq.org/exceptions/no_such_element.html
Build info: version: &apos;2.53.1&apos;, revision: &apos;a36b8b1cd5757287168e54b817830adce9b0158d&apos;, time: &apos;2016-06-30 19:26:09&apos;
System info: host: &apos;LT005461&apos;, ip: &apos;127.0.1.1&apos;, os.name: &apos;Linux&apos;, os.arch: &apos;amd64&apos;, os.version: &apos;4.4.0-53-generic&apos;, java.version: &apos;1.8.0_111&apos;
Driver info: org.openqa.selenium.chrome.ChromeDriver
Capabilities [{applicationCacheEnabled=false, rotatable=false, mobileEmulationEnabled=false, networkConnectionEnabled=false, chrome={chromedriverVersion=2.24.417424 (c5c5ea873213ee72e3d0929b47482681555340c3), userDataDir=/tmp/.org.chromium.Chromium.EsXb8g}, takesHeapSnapshot=true, pageLoadStrategy=normal, databaseEnabled=false, handlesAlerts=true, hasTouchScreen=false, version=55.0.2883.75, platform=LINUX, browserConnectionEnabled=false, nativeEvents=true, acceptSslCerts=true, locationContextEnabled=true, webStorageEnabled=true, browserName=chrome, takesScreenshot=true, javascriptEnabled=true, cssSelectorsEnabled=true}]
Session ID: c57705868af38606afd56ffb9a51eed1
*** Element info: {Using=partial link text, value=BE.0000001}
	at sun.reflect.NativeConstructorAccessorImpl.newInstance0(Native Method)
	at sun.reflect.NativeConstructorAccessorImpl.newInstance(NativeConstructorAccessorImpl.java:62)
	at sun.reflect.DelegatingConstructorAccessorImpl.newInstance(DelegatingConstructorAccessorImpl.java:45)
	at java.lang.reflect.Constructor.newInstance(Constructor.java:423)
	at org.openqa.selenium.remote.ErrorHandler.createThrowable(ErrorHandler.java:206)
	at org.openqa.selenium.remote.ErrorHandler.throwIfResponseFailed(ErrorHandler.java:158)
	at org.openqa.selenium.remote.RemoteWebDriver.execute(RemoteWebDriver.java:678)
	at org.openqa.selenium.remote.RemoteWebDriver.findElement(RemoteWebDriver.java:363)
	at org.openqa.selenium.remote.RemoteWebDriver.findElementByPartialLinkText(RemoteWebDriver.java:436)
	at org.openqa.selenium.By$ByPartialLinkText.findElement(By.java:273)
	at org.openqa.selenium.remote.RemoteWebDriver.findElement(RemoteWebDriver.java:355)
	at nl.naturalis.selenium.crs.pages.DetailBeschrijvingenPage.selectStandardStorageUnit(DetailBeschrijvingenPage.java:470)
	at nl.naturalis.selenium.crs.tests.Test02.checkEnterStorageUnits(Test02.java:727)
	at sun.reflect.NativeMethodAccessorImpl.invoke0(Native Method)
	at sun.reflect.NativeMethodAccessorImpl.invoke(NativeMethodAccessorImpl.java:62)
	at sun.reflect.DelegatingMethodAccessorImpl.invoke(DelegatingMethodAccessorImpl.java:43)
	at java.lang.reflect.Method.invoke(Method.java:498)
	at org.testng.internal.MethodInvocationHelper.invokeMethod(MethodInvocationHelper.java:80)
	at org.testng.internal.Invoker.invokeMethod(Invoker.java:714)
	at org.testng.internal.Invoker.invokeTestMethod(Invoker.java:901)
	at org.testng.internal.Invoker.invokeTestMethods(Invoker.java:1231)
	at org.testng.internal.TestMethodWorker.invokeTestMethods(TestMethodWorker.java:127)
	at org.testng.internal.TestMethodWorker.run(TestMethodWorker.java:111)
	at org.testng.TestRunner.privateRun(TestRunner.java:767)
	at org.testng.TestRunner.run(TestRunner.java:617)
	at org.testng.SuiteRunner.runTest(SuiteRunner.java:334)
	at org.testng.SuiteRunner.runSequentially(SuiteRunner.java:329)
	at org.testng.SuiteRunner.privateRun(SuiteRunner.java:291)
	at org.testng.SuiteRunner.run(SuiteRunner.java:240)
	at org.testng.SuiteRunnerWorker.runSuite(SuiteRunnerWorker.java:52)
	at org.testng.SuiteRunnerWorker.run(SuiteRunnerWorker.java:86)
	at org.testng.TestNG.runSuitesSequentially(TestNG.java:1198)
	at org.testng.TestNG.runSuitesLocally(TestNG.java:1123)
	at org.testng.TestNG.run(TestNG.java:1031)
	at org.testng.remote.AbstractRemoteTestNG.run(AbstractRemoteTestNG.java:132)
	at org.testng.remote.RemoteTestNG.initAndRun(RemoteTestNG.java:236)
	at org.testng.remote.RemoteTestNG.main(RemoteTestNG.java:81)
<br/> org.openqa.selenium.NoSuchElementException: no such element: Unable to locate element: {&quot;method&quot;:&quot;partial link text&quot;,&quot;selector&quot;:&quot;BE.0000001&quot;}
  (Session info: chrome=55.0.2883.75)
  (Driver info: chromedriver=2.24.417424 (c5c5ea873213ee72e3d0929b47482681555340c3),platform=Linux 4.4.0-53-generic x86_64) (WARNING: The server did not provide any stacktrace information)
Command duration or timeout: 1.04 seconds
For documentation on this error, please visit: http://seleniumhq.org/exceptions/no_such_element.html
Build info: version: &apos;2.53.1&apos;, revision: &apos;a36b8b1cd5757287168e54b817830adce9b0158d&apos;, time: &apos;2016-06-30 19:26:09&apos;
System info: host: &apos;LT005461&apos;, ip: &apos;127.0.1.1&apos;, os.name: &apos;Linux&apos;, os.arch: &apos;amd64&apos;, os.version: &apos;4.4.0-53-generic&apos;, java.version: &apos;1.8.0_111&apos;
Driver info: org.openqa.selenium.chrome.ChromeDriver
Capabilities [{applicationCacheEnabled=false, rotatable=false, mobileEmulationEnabled=false, networkConnectionEnabled=false, chrome={chromedriverVersion=2.24.417424 (c5c5ea873213ee72e3d0929b47482681555340c3), userDataDir=/tmp/.org.chromium.Chromium.EsXb8g}, takesHeapSnapshot=true, pageLoadStrategy=normal, databaseEnabled=false, handlesAlerts=true, hasTouchScreen=false, version=55.0.2883.75, platform=LINUX, browserConnectionEnabled=false, nativeEvents=true, acceptSslCerts=true, locationContextEnabled=true, webStorageEnabled=true, browserName=chrome, takesScreenshot=true, javascriptEnabled=true, cssSelectorsEnabled=true}]
Session ID: c57705868af38606afd56ffb9a51eed1
*** Element info: {Using=partial link text, value=BE.0000001}
	at sun.reflect.NativeConstructorAccessorImpl.newInstance0(Native Method)
	at sun.reflect.NativeConstructorAccessorImpl.newInstance(NativeConstructorAccessorImpl.java:62)
	at sun.reflect.DelegatingConstructorAccessorImpl.newInstance(DelegatingConstructorAccessorImpl.java:45)
	at java.lang.reflect.Constructor.newInstance(Constructor.java:423)
	at org.openqa.selenium.remote.ErrorHandler.createThrowable(ErrorHandler.java:206)
	at org.openqa.selenium.remote.ErrorHandler.throwIfResponseFailed(ErrorHandler.java:158)
	at org.openqa.selenium.remote.RemoteWebDriver.execute(RemoteWebDriver.java:678)
	at org.openqa.selenium.remote.RemoteWebDriver.findElement(RemoteWebDriver.java:363)
	at org.openqa.selenium.remote.RemoteWebDriver.findElementByPartialLinkText(RemoteWebDriver.java:436)
	at org.openqa.selenium.By$ByPartialLinkText.findElement(By.java:273)
	at org.openqa.selenium.remote.RemoteWebDriver.findElement(RemoteWebDriver.java:355)
	at nl.naturalis.selenium.crs.pages.DetailBeschrijvingenPage.selectStandardStorageUnit(DetailBeschrijvingenPage.java:470)
	at nl.naturalis.selenium.crs.tests.Test02.checkEnterStorageUnits(Test02.java:727)
	at sun.reflect.NativeMethodAccessorImpl.invoke0(Native Method)
	at sun.reflect.NativeMethodAccessorImpl.invoke(NativeMethodAccessorImpl.java:62)
	at sun.reflect.DelegatingMethodAccessorImpl.invoke(DelegatingMethodAccessorImpl.java:43)
	at java.lang.reflect.Method.invoke(Method.java:498)
	at org.testng.internal.MethodInvocationHelper.invokeMethod(MethodInvocationHelper.java:80)
	at org.testng.internal.Invoker.invokeMethod(Invoker.java:714)
	at org.testng.internal.Invoker.invokeTestMethod(Invoker.java:901)
	at org.testng.internal.Invoker.invokeTestMethods(Invoker.java:1231)
	at org.testng.internal.TestMethodWorker.invokeTestMethods(TestMethodWorker.java:127)
	at org.testng.internal.TestMethodWorker.run(TestMethodWorker.java:111)
	at org.testng.TestRunner.privateRun(TestRunner.java:767)
	at org.testng.TestRunner.run(TestRunner.java:617)
	at org.testng.SuiteRunner.runTest(SuiteRunner.java:334)
	at org.testng.SuiteRunner.runSequentially(SuiteRunner.java:329)
	at org.testng.SuiteRunner.privateRun(SuiteRunner.java:291)
	at org.testng.SuiteRunner.run(SuiteRunner.java:240)
	at org.testng.SuiteRunnerWorker.runSuite(SuiteRunnerWorker.java:52)
	at org.testng.SuiteRunnerWorker.run(SuiteRunnerWorker.java:86)
	at org.testng.TestNG.runSuitesSequentially(TestNG.java:1198)
	at org.testng.TestNG.runSuitesLocally(TestNG.java:1123)
	at org.testng.TestNG.run(TestNG.java:1031)
	at org.testng.remote.AbstractRemoteTestNG.run(AbstractRemoteTestNG.java:132)
	at org.testng.remote.RemoteTestNG.initAndRun(RemoteTestNG.java:236)
	at org.testng.remote.RemoteTestNG.main(RemoteTestNG.java:81)
"</b><br>sun.reflect.NativeConstructorAccessorImpl.newInstance0(Native Method)<br>sun.reflect.NativeConstructorAccessorImpl.newInstance(NativeConstructorAccessorImpl.java:62)<br>sun.reflect.DelegatingConstructorAccessorImpl.newInstance(DelegatingConstructorAccessorImpl.java:45)<br>java.lang.reflect.Constructor.newInstance(Constructor.java:423)<br>org.openqa.selenium.remote.ErrorHandler.createThrowable(ErrorHandler.java:206)<br>org.openqa.selenium.remote.ErrorHandler.throwIfResponseFailed(ErrorHandler.java:158)<br>org.openqa.selenium.remote.RemoteWebDriver.execute(RemoteWebDriver.java:678)<br>org.openqa.selenium.remote.RemoteWebDriver.findElement(RemoteWebDriver.java:363)<br>org.openqa.selenium.remote.RemoteWebDriver.findElementByPartialLinkText(RemoteWebDriver.java:436)<br>org.openqa.selenium.By$ByPartialLinkText.findElement(By.java:273)<br>org.openqa.selenium.remote.RemoteWebDriver.findElement(RemoteWebDriver.java:355)<br>nl.naturalis.selenium.crs.pages.DetailBeschrijvingenPage.selectStandardStorageUnit(DetailBeschrijvingenPage.java:470)<br>nl.naturalis.selenium.crs.tests.Test02.checkEnterStorageUnits(Test02.java:727)<br>sun.reflect.NativeMethodAccessorImpl.invoke0(Native Method)<br>sun.reflect.NativeMethodAccessorImpl.invoke(NativeMethodAccessorImpl.java:62)<br>sun.reflect.DelegatingMethodAccessorImpl.invoke(DelegatingMethodAccessorImpl.java:43)<br>java.lang.reflect.Method.invoke(Method.java:498)<br>org.testng.internal.MethodInvocationHelper.invokeMethod(MethodInvocationHelper.java:80)<br>org.testng.internal.Invoker.invokeMethod(Invoker.java:714)<br>org.testng.internal.Invoker.invokeTestMethod(Invoker.java:901)<br>org.testng.internal.Invoker.invokeTestMethods(Invoker.java:1231)<br>org.testng.internal.TestMethodWorker.invokeTestMethods(TestMethodWorker.java:127)<br>org.testng.internal.TestMethodWorker.run(TestMethodWorker.java:111)<br>org.testng.TestRunner.privateRun(TestRunner.java:767)<br>org.testng.TestRunner.run(TestRunner.java:617)<br>org.testng.SuiteRunner.runTest(SuiteRunner.java:334)<br>org.testng.SuiteRunner.runSequentially(SuiteRunner.java:329)<br>org.testng.SuiteRunner.privateRun(SuiteRunner.java:291)<br>org.testng.SuiteRunner.run(SuiteRunner.java:240)<br>org.testng.SuiteRunnerWorker.runSuite(SuiteRunnerWorker.java:52)<br>org.testng.SuiteRunnerWorker.run(SuiteRunnerWorker.java:86)<br>org.testng.TestNG.runSuitesSequentially(TestNG.java:1198)<br>org.testng.TestNG.runSuitesLocally(TestNG.java:1123)<br>org.testng.TestNG.run(TestNG.java:1031)<br>org.testng.remote.AbstractRemoteTestNG.run(AbstractRemoteTestNG.java:132)<br>org.testng.remote.RemoteTestNG.initAndRun(RemoteTestNG.java:236)<br>org.testng.remote.RemoteTestNG.main(RemoteTestNG.java:81)<br>
</div> <!-- stack-trace -->
                </div> <!-- method-content -->
              </div> <!-- method -->
              <div class="method">
                <div class="method-content">
                  <a name="checkIncorrectSubmissionValueTest1A">
                  </a> <!-- checkIncorrectSubmissionValueTest1A -->
                  <span class="method-name">checkIncorrectSubmissionValueTest1A</span>
                  <div class="stack-trace"><b>"org.openqa.selenium.NoSuchElementException: no such element: Unable to locate element: {&quot;method&quot;:&quot;xpath&quot;,&quot;selector&quot;:&quot;//input[@atfid=&apos;add_ncrs_specimen_inst_coll_subcoll?selectfield&apos;]/parent::span/parent::td/img[@class=&apos;errorImage&apos;]&quot;}
  (Session info: chrome=55.0.2883.75)
  (Driver info: chromedriver=2.24.417424 (c5c5ea873213ee72e3d0929b47482681555340c3),platform=Linux 4.4.0-53-generic x86_64) (WARNING: The server did not provide any stacktrace information)
Command duration or timeout: 1.06 seconds
For documentation on this error, please visit: http://seleniumhq.org/exceptions/no_such_element.html
Build info: version: &apos;2.53.1&apos;, revision: &apos;a36b8b1cd5757287168e54b817830adce9b0158d&apos;, time: &apos;2016-06-30 19:26:09&apos;
System info: host: &apos;LT005461&apos;, ip: &apos;127.0.1.1&apos;, os.name: &apos;Linux&apos;, os.arch: &apos;amd64&apos;, os.version: &apos;4.4.0-53-generic&apos;, java.version: &apos;1.8.0_111&apos;
Driver info: org.openqa.selenium.chrome.ChromeDriver
Capabilities [{applicationCacheEnabled=false, rotatable=false, mobileEmulationEnabled=false, networkConnectionEnabled=false, chrome={chromedriverVersion=2.24.417424 (c5c5ea873213ee72e3d0929b47482681555340c3), userDataDir=/tmp/.org.chromium.Chromium.EsXb8g}, takesHeapSnapshot=true, pageLoadStrategy=normal, databaseEnabled=false, handlesAlerts=true, hasTouchScreen=false, version=55.0.2883.75, platform=LINUX, browserConnectionEnabled=false, nativeEvents=true, acceptSslCerts=true, locationContextEnabled=true, webStorageEnabled=true, browserName=chrome, takesScreenshot=true, javascriptEnabled=true, cssSelectorsEnabled=true}]
Session ID: c57705868af38606afd56ffb9a51eed1
*** Element info: {Using=xpath, value=//input[@atfid=&apos;add_ncrs_specimen_inst_coll_subcoll?selectfield&apos;]/parent::span/parent::td/img[@class=&apos;errorImage&apos;]}
	at sun.reflect.NativeConstructorAccessorImpl.newInstance0(Native Method)
	at sun.reflect.NativeConstructorAccessorImpl.newInstance(NativeConstructorAccessorImpl.java:62)
	at sun.reflect.DelegatingConstructorAccessorImpl.newInstance(DelegatingConstructorAccessorImpl.java:45)
	at java.lang.reflect.Constructor.newInstance(Constructor.java:423)
	at org.openqa.selenium.remote.ErrorHandler.createThrowable(ErrorHandler.java:206)
	at org.openqa.selenium.remote.ErrorHandler.throwIfResponseFailed(ErrorHandler.java:158)
	at org.openqa.selenium.remote.RemoteWebDriver.execute(RemoteWebDriver.java:678)
	at org.openqa.selenium.remote.RemoteWebDriver.findElement(RemoteWebDriver.java:363)
	at org.openqa.selenium.remote.RemoteWebDriver.findElementByXPath(RemoteWebDriver.java:500)
	at org.openqa.selenium.By$ByXPath.findElement(By.java:361)
	at org.openqa.selenium.remote.RemoteWebDriver.findElement(RemoteWebDriver.java:355)
	at org.openqa.selenium.support.pagefactory.DefaultElementLocator.findElement(DefaultElementLocator.java:69)
	at org.openqa.selenium.support.pagefactory.internal.LocatingElementHandler.invoke(LocatingElementHandler.java:38)
	at com.sun.proxy.$Proxy8.getAttribute(Unknown Source)
	at nl.naturalis.selenium.crs.pages.DetailBeschrijvingenPage.getIconInfo(DetailBeschrijvingenPage.java:821)
	at nl.naturalis.selenium.crs.tests.Test02.checkIncorrectSubmissionValueTest1A(Test02.java:292)
	at sun.reflect.NativeMethodAccessorImpl.invoke0(Native Method)
	at sun.reflect.NativeMethodAccessorImpl.invoke(NativeMethodAccessorImpl.java:62)
	at sun.reflect.DelegatingMethodAccessorImpl.invoke(DelegatingMethodAccessorImpl.java:43)
	at java.lang.reflect.Method.invoke(Method.java:498)
	at org.testng.internal.MethodInvocationHelper.invokeMethod(MethodInvocationHelper.java:80)
	at org.testng.internal.Invoker.invokeMethod(Invoker.java:714)
	at org.testng.internal.Invoker.invokeTestMethod(Invoker.java:901)
	at org.testng.internal.Invoker.invokeTestMethods(Invoker.java:1231)
	at org.testng.internal.TestMethodWorker.invokeTestMethods(TestMethodWorker.java:127)
	at org.testng.internal.TestMethodWorker.run(TestMethodWorker.java:111)
	at org.testng.TestRunner.privateRun(TestRunner.java:767)
	at org.testng.TestRunner.run(TestRunner.java:617)
	at org.testng.SuiteRunner.runTest(SuiteRunner.java:334)
	at org.testng.SuiteRunner.runSequentially(SuiteRunner.java:329)
	at org.testng.SuiteRunner.privateRun(SuiteRunner.java:291)
	at org.testng.SuiteRunner.run(SuiteRunner.java:240)
	at org.testng.SuiteRunnerWorker.runSuite(SuiteRunnerWorker.java:52)
	at org.testng.SuiteRunnerWorker.run(SuiteRunnerWorker.java:86)
	at org.testng.TestNG.runSuitesSequentially(TestNG.java:1198)
	at org.testng.TestNG.runSuitesLocally(TestNG.java:1123)
	at org.testng.TestNG.run(TestNG.java:1031)
	at org.testng.remote.AbstractRemoteTestNG.run(AbstractRemoteTestNG.java:132)
	at org.testng.remote.RemoteTestNG.initAndRun(RemoteTestNG.java:236)
	at org.testng.remote.RemoteTestNG.main(RemoteTestNG.java:81)
<br/> org.openqa.selenium.NoSuchElementException: no such element: Unable to locate element: {&quot;method&quot;:&quot;xpath&quot;,&quot;selector&quot;:&quot;//input[@atfid=&apos;add_ncrs_specimen_inst_coll_subcoll?selectfield&apos;]/parent::span/parent::td/img[@class=&apos;errorImage&apos;]&quot;}
  (Session info: chrome=55.0.2883.75)
  (Driver info: chromedriver=2.24.417424 (c5c5ea873213ee72e3d0929b47482681555340c3),platform=Linux 4.4.0-53-generic x86_64) (WARNING: The server did not provide any stacktrace information)
Command duration or timeout: 1.06 seconds
For documentation on this error, please visit: http://seleniumhq.org/exceptions/no_such_element.html
Build info: version: &apos;2.53.1&apos;, revision: &apos;a36b8b1cd5757287168e54b817830adce9b0158d&apos;, time: &apos;2016-06-30 19:26:09&apos;
System info: host: &apos;LT005461&apos;, ip: &apos;127.0.1.1&apos;, os.name: &apos;Linux&apos;, os.arch: &apos;amd64&apos;, os.version: &apos;4.4.0-53-generic&apos;, java.version: &apos;1.8.0_111&apos;
Driver info: org.openqa.selenium.chrome.ChromeDriver
Capabilities [{applicationCacheEnabled=false, rotatable=false, mobileEmulationEnabled=false, networkConnectionEnabled=false, chrome={chromedriverVersion=2.24.417424 (c5c5ea873213ee72e3d0929b47482681555340c3), userDataDir=/tmp/.org.chromium.Chromium.EsXb8g}, takesHeapSnapshot=true, pageLoadStrategy=normal, databaseEnabled=false, handlesAlerts=true, hasTouchScreen=false, version=55.0.2883.75, platform=LINUX, browserConnectionEnabled=false, nativeEvents=true, acceptSslCerts=true, locationContextEnabled=true, webStorageEnabled=true, browserName=chrome, takesScreenshot=true, javascriptEnabled=true, cssSelectorsEnabled=true}]
Session ID: c57705868af38606afd56ffb9a51eed1
*** Element info: {Using=xpath, value=//input[@atfid=&apos;add_ncrs_specimen_inst_coll_subcoll?selectfield&apos;]/parent::span/parent::td/img[@class=&apos;errorImage&apos;]}
	at sun.reflect.NativeConstructorAccessorImpl.newInstance0(Native Method)
	at sun.reflect.NativeConstructorAccessorImpl.newInstance(NativeConstructorAccessorImpl.java:62)
	at sun.reflect.DelegatingConstructorAccessorImpl.newInstance(DelegatingConstructorAccessorImpl.java:45)
	at java.lang.reflect.Constructor.newInstance(Constructor.java:423)
	at org.openqa.selenium.remote.ErrorHandler.createThrowable(ErrorHandler.java:206)
	at org.openqa.selenium.remote.ErrorHandler.throwIfResponseFailed(ErrorHandler.java:158)
	at org.openqa.selenium.remote.RemoteWebDriver.execute(RemoteWebDriver.java:678)
	at org.openqa.selenium.remote.RemoteWebDriver.findElement(RemoteWebDriver.java:363)
	at org.openqa.selenium.remote.RemoteWebDriver.findElementByXPath(RemoteWebDriver.java:500)
	at org.openqa.selenium.By$ByXPath.findElement(By.java:361)
	at org.openqa.selenium.remote.RemoteWebDriver.findElement(RemoteWebDriver.java:355)
	at org.openqa.selenium.support.pagefactory.DefaultElementLocator.findElement(DefaultElementLocator.java:69)
	at org.openqa.selenium.support.pagefactory.internal.LocatingElementHandler.invoke(LocatingElementHandler.java:38)
	at com.sun.proxy.$Proxy8.getAttribute(Unknown Source)
	at nl.naturalis.selenium.crs.pages.DetailBeschrijvingenPage.getIconInfo(DetailBeschrijvingenPage.java:821)
	at nl.naturalis.selenium.crs.tests.Test02.checkIncorrectSubmissionValueTest1A(Test02.java:292)
	at sun.reflect.NativeMethodAccessorImpl.invoke0(Native Method)
	at sun.reflect.NativeMethodAccessorImpl.invoke(NativeMethodAccessorImpl.java:62)
	at sun.reflect.DelegatingMethodAccessorImpl.invoke(DelegatingMethodAccessorImpl.java:43)
	at java.lang.reflect.Method.invoke(Method.java:498)
	at org.testng.internal.MethodInvocationHelper.invokeMethod(MethodInvocationHelper.java:80)
	at org.testng.internal.Invoker.invokeMethod(Invoker.java:714)
	at org.testng.internal.Invoker.invokeTestMethod(Invoker.java:901)
	at org.testng.internal.Invoker.invokeTestMethods(Invoker.java:1231)
	at org.testng.internal.TestMethodWorker.invokeTestMethods(TestMethodWorker.java:127)
	at org.testng.internal.TestMethodWorker.run(TestMethodWorker.java:111)
	at org.testng.TestRunner.privateRun(TestRunner.java:767)
	at org.testng.TestRunner.run(TestRunner.java:617)
	at org.testng.SuiteRunner.runTest(SuiteRunner.java:334)
	at org.testng.SuiteRunner.runSequentially(SuiteRunner.java:329)
	at org.testng.SuiteRunner.privateRun(SuiteRunner.java:291)
	at org.testng.SuiteRunner.run(SuiteRunner.java:240)
	at org.testng.SuiteRunnerWorker.runSuite(SuiteRunnerWorker.java:52)
	at org.testng.SuiteRunnerWorker.run(SuiteRunnerWorker.java:86)
	at org.testng.TestNG.runSuitesSequentially(TestNG.java:1198)
	at org.testng.TestNG.runSuitesLocally(TestNG.java:1123)
	at org.testng.TestNG.run(TestNG.java:1031)
	at org.testng.remote.AbstractRemoteTestNG.run(AbstractRemoteTestNG.java:132)
	at org.testng.remote.RemoteTestNG.initAndRun(RemoteTestNG.java:236)
	at org.testng.remote.RemoteTestNG.main(RemoteTestNG.java:81)
"</b><br>sun.reflect.NativeConstructorAccessorImpl.newInstance0(Native Method)<br>sun.reflect.NativeConstructorAccessorImpl.newInstance(NativeConstructorAccessorImpl.java:62)<br>sun.reflect.DelegatingConstructorAccessorImpl.newInstance(DelegatingConstructorAccessorImpl.java:45)<br>java.lang.reflect.Constructor.newInstance(Constructor.java:423)<br>org.openqa.selenium.remote.ErrorHandler.createThrowable(ErrorHandler.java:206)<br>org.openqa.selenium.remote.ErrorHandler.throwIfResponseFailed(ErrorHandler.java:158)<br>org.openqa.selenium.remote.RemoteWebDriver.execute(RemoteWebDriver.java:678)<br>org.openqa.selenium.remote.RemoteWebDriver.findElement(RemoteWebDriver.java:363)<br>org.openqa.selenium.remote.RemoteWebDriver.findElementByXPath(RemoteWebDriver.java:500)<br>org.openqa.selenium.By$ByXPath.findElement(By.java:361)<br>org.openqa.selenium.remote.RemoteWebDriver.findElement(RemoteWebDriver.java:355)<br>org.openqa.selenium.support.pagefactory.DefaultElementLocator.findElement(DefaultElementLocator.java:69)<br>org.openqa.selenium.support.pagefactory.internal.LocatingElementHandler.invoke(LocatingElementHandler.java:38)<br>com.sun.proxy.$Proxy8.getAttribute(Unknown Source)<br>nl.naturalis.selenium.crs.pages.DetailBeschrijvingenPage.getIconInfo(DetailBeschrijvingenPage.java:821)<br>nl.naturalis.selenium.crs.tests.Test02.checkIncorrectSubmissionValueTest1A(Test02.java:292)<br>sun.reflect.NativeMethodAccessorImpl.invoke0(Native Method)<br>sun.reflect.NativeMethodAccessorImpl.invoke(NativeMethodAccessorImpl.java:62)<br>sun.reflect.DelegatingMethodAccessorImpl.invoke(DelegatingMethodAccessorImpl.java:43)<br>java.lang.reflect.Method.invoke(Method.java:498)<br>org.testng.internal.MethodInvocationHelper.invokeMethod(MethodInvocationHelper.java:80)<br>org.testng.internal.Invoker.invokeMethod(Invoker.java:714)<br>org.testng.internal.Invoker.invokeTestMethod(Invoker.java:901)<br>org.testng.internal.Invoker.invokeTestMethods(Invoker.java:1231)<br>org.testng.internal.TestMethodWorker.invokeTestMethods(TestMethodWorker.java:127)<br>org.testng.internal.TestMethodWorker.run(TestMethodWorker.java:111)<br>org.testng.TestRunner.privateRun(TestRunner.java:767)<br>org.testng.TestRunner.run(TestRunner.java:617)<br>org.testng.SuiteRunner.runTest(SuiteRunner.java:334)<br>org.testng.SuiteRunner.runSequentially(SuiteRunner.java:329)<br>org.testng.SuiteRunner.privateRun(SuiteRunner.java:291)<br>org.testng.SuiteRunner.run(SuiteRunner.java:240)<br>org.testng.SuiteRunnerWorker.runSuite(SuiteRunnerWorker.java:52)<br>org.testng.SuiteRunnerWorker.run(SuiteRunnerWorker.java:86)<br>org.testng.TestNG.runSuitesSequentially(TestNG.java:1198)<br>org.testng.TestNG.runSuitesLocally(TestNG.java:1123)<br>org.testng.TestNG.run(TestNG.java:1031)<br>org.testng.remote.AbstractRemoteTestNG.run(AbstractRemoteTestNG.java:132)<br>org.testng.remote.RemoteTestNG.initAndRun(RemoteTestNG.java:236)<br>org.testng.remote.RemoteTestNG.main(RemoteTestNG.java:81)<br>
</div> <!-- stack-trace -->
                </div> <!-- method-content -->
              </div> <!-- method -->
            </div> <!-- main-panel-content rounded-window-bottom -->
          </div> <!-- suite-Default_suite-class-failed -->
          <div class="suite-Default_suite-class-passed">
            <div class="main-panel-header rounded-window-top">
              <img src="passed.png"/>
              <span class="class-name">nl.naturalis.selenium.crs.tests.Test02</span>
            </div> <!-- main-panel-header rounded-window-top -->
            <div class="main-panel-content rounded-window-bottom">
              <div class="method">
                <div class="method-content">
                  <a name="checkAutosuggestStorageUnit">
                  </a> <!-- checkAutosuggestStorageUnit -->
                  <span class="method-name">checkAutosuggestStorageUnit</span>
                </div> <!-- method-content -->
              </div> <!-- method -->
              <div class="method">
                <div class="method-content">
                  <a name="checkContextDisplay">
                  </a> <!-- checkContextDisplay -->
                  <span class="method-name">checkContextDisplay</span>
                </div> <!-- method-content -->
              </div> <!-- method -->
              <div class="method">
                <div class="method-content">
                  <a name="checkCreateRegistrationNumber">
                  </a> <!-- checkCreateRegistrationNumber -->
                  <span class="method-name">checkCreateRegistrationNumber</span>
                </div> <!-- method-content -->
              </div> <!-- method -->
              <div class="method">
                <div class="method-content">
                  <a name="checkCreateRegistrationNumberWithE">
                  </a> <!-- checkCreateRegistrationNumberWithE -->
                  <span class="method-name">checkCreateRegistrationNumberWithE</span>
                </div> <!-- method-content -->
              </div> <!-- method -->
              <div class="method">
                <div class="method-content">
                  <a name="checkEnterRegistrationNumberWithE">
                  </a> <!-- checkEnterRegistrationNumberWithE -->
                  <span class="method-name">checkEnterRegistrationNumberWithE</span>
                </div> <!-- method-content -->
              </div> <!-- method -->
              <div class="method">
                <div class="method-content">
                  <a name="checkEnterRegistrationNumberWithoutE">
                  </a> <!-- checkEnterRegistrationNumberWithoutE -->
                  <span class="method-name">checkEnterRegistrationNumberWithoutE</span>
                </div> <!-- method-content -->
              </div> <!-- method -->
              <div class="method">
                <div class="method-content">
                  <a name="checkIconInfo">
                  </a> <!-- checkIconInfo -->
                  <span class="method-name">checkIconInfo</span>
                </div> <!-- method-content -->
              </div> <!-- method -->
              <div class="method">
                <div class="method-content">
                  <a name="checkIllegalValuesStorageLocations">
                  </a> <!-- checkIllegalValuesStorageLocations -->
                  <span class="method-name">checkIllegalValuesStorageLocations</span>
                </div> <!-- method-content -->
              </div> <!-- method -->
              <div class="method">
                <div class="method-content">
                  <a name="checkIllegalValuesStorageUnit">
                  </a> <!-- checkIllegalValuesStorageUnit -->
                  <span class="method-name">checkIllegalValuesStorageUnit</span>
                </div> <!-- method-content -->
              </div> <!-- method -->
              <div class="method">
                <div class="method-content">
                  <a name="checkIncorrectSubmissionValueTest1B">
                  </a> <!-- checkIncorrectSubmissionValueTest1B -->
                  <span class="method-name">checkIncorrectSubmissionValueTest1B</span>
                </div> <!-- method-content -->
              </div> <!-- method -->
              <div class="method">
                <div class="method-content">
                  <a name="checkIncorrectSubmissionValueTest1C">
                  </a> <!-- checkIncorrectSubmissionValueTest1C -->
                  <span class="method-name">checkIncorrectSubmissionValueTest1C</span>
                </div> <!-- method-content -->
              </div> <!-- method -->
              <div class="method">
                <div class="method-content">
                  <a name="checkIncorrectSubmissionValueTest2A">
                  </a> <!-- checkIncorrectSubmissionValueTest2A -->
                  <span class="method-name">checkIncorrectSubmissionValueTest2A</span>
                </div> <!-- method-content -->
              </div> <!-- method -->
              <div class="method">
                <div class="method-content">
                  <a name="checkIncorrectSubmissionValueTest2B">
                  </a> <!-- checkIncorrectSubmissionValueTest2B -->
                  <span class="method-name">checkIncorrectSubmissionValueTest2B</span>
                </div> <!-- method-content -->
              </div> <!-- method -->
              <div class="method">
                <div class="method-content">
                  <a name="checkIncorrectSubmissionValueTest2C">
                  </a> <!-- checkIncorrectSubmissionValueTest2C -->
                  <span class="method-name">checkIncorrectSubmissionValueTest2C</span>
                </div> <!-- method-content -->
              </div> <!-- method -->
              <div class="method">
                <div class="method-content">
                  <a name="checkIncorrectSubmissionValueTest3A">
                  </a> <!-- checkIncorrectSubmissionValueTest3A -->
                  <span class="method-name">checkIncorrectSubmissionValueTest3A</span>
                </div> <!-- method-content -->
              </div> <!-- method -->
              <div class="method">
                <div class="method-content">
                  <a name="checkIncorrectSubmissionValueTest3B">
                  </a> <!-- checkIncorrectSubmissionValueTest3B -->
                  <span class="method-name">checkIncorrectSubmissionValueTest3B</span>
                </div> <!-- method-content -->
              </div> <!-- method -->
              <div class="method">
                <div class="method-content">
                  <a name="checkIncorrectSubmissionValueTest3C">
                  </a> <!-- checkIncorrectSubmissionValueTest3C -->
                  <span class="method-name">checkIncorrectSubmissionValueTest3C</span>
                </div> <!-- method-content -->
              </div> <!-- method -->
              <div class="method">
                <div class="method-content">
                  <a name="checkIncorrectSubmissionValueTest4A">
                  </a> <!-- checkIncorrectSubmissionValueTest4A -->
                  <span class="method-name">checkIncorrectSubmissionValueTest4A</span>
                </div> <!-- method-content -->
              </div> <!-- method -->
              <div class="method">
                <div class="method-content">
                  <a name="checkIncorrectSubmissionValueTest4B">
                  </a> <!-- checkIncorrectSubmissionValueTest4B -->
                  <span class="method-name">checkIncorrectSubmissionValueTest4B</span>
                </div> <!-- method-content -->
              </div> <!-- method -->
              <div class="method">
                <div class="method-content">
                  <a name="checkIncorrectSubmissionValueTest4C">
                  </a> <!-- checkIncorrectSubmissionValueTest4C -->
                  <span class="method-name">checkIncorrectSubmissionValueTest4C</span>
                </div> <!-- method-content -->
              </div> <!-- method -->
              <div class="method">
                <div class="method-content">
                  <a name="checkNumber">
                  </a> <!-- checkNumber -->
                  <span class="method-name">checkNumber</span>
                </div> <!-- method-content -->
              </div> <!-- method -->
              <div class="method">
                <div class="method-content">
                  <a name="checkPrefix">
                  </a> <!-- checkPrefix -->
                  <span class="method-name">checkPrefix</span>
                </div> <!-- method-content -->
              </div> <!-- method -->
              <div class="method">
                <div class="method-content">
                  <a name="checkRegistrationNumber">
                  </a> <!-- checkRegistrationNumber -->
                  <span class="method-name">checkRegistrationNumber</span>
                </div> <!-- method-content -->
              </div> <!-- method -->
              <div class="method">
                <div class="method-content">
                  <a name="checkSuffix">
                  </a> <!-- checkSuffix -->
                  <span class="method-name">checkSuffix</span>
                </div> <!-- method-content -->
              </div> <!-- method -->
              <div class="method">
                <div class="method-content">
                  <a name="checkTextEntryBasisOfRecord">
                  </a> <!-- checkTextEntryBasisOfRecord -->
                  <span class="method-name">checkTextEntryBasisOfRecord</span>
                </div> <!-- method-content -->
              </div> <!-- method -->
              <div class="method">
                <div class="method-content">
                  <a name="checkTextEntryCurrentCollectionName">
                  </a> <!-- checkTextEntryCurrentCollectionName -->
                  <span class="method-name">checkTextEntryCurrentCollectionName</span>
                </div> <!-- method-content -->
              </div> <!-- method -->
              <div class="method">
                <div class="method-content">
                  <a name="checkTextEntryMount">
                  </a> <!-- checkTextEntryMount -->
                  <span class="method-name">checkTextEntryMount</span>
                </div> <!-- method-content -->
              </div> <!-- method -->
              <div class="method">
                <div class="method-content">
                  <a name="checkTextEntryPreservedPart">
                  </a> <!-- checkTextEntryPreservedPart -->
                  <span class="method-name">checkTextEntryPreservedPart</span>
                </div> <!-- method-content -->
              </div> <!-- method -->
              <div class="method">
                <div class="method-content">
                  <a name="checkThesaurusAndBinIcons">
                  </a> <!-- checkThesaurusAndBinIcons -->
                  <span class="method-name">checkThesaurusAndBinIcons</span>
                </div> <!-- method-content -->
              </div> <!-- method -->
              <div class="method">
                <div class="method-content">
                  <a name="clickAddSpecimen">
                  </a> <!-- clickAddSpecimen -->
                  <span class="method-name">clickAddSpecimen</span>
                </div> <!-- method-content -->
              </div> <!-- method -->
              <div class="method">
                <div class="method-content">
                  <a name="detailPageOpen">
                  </a> <!-- detailPageOpen -->
                  <span class="method-name">detailPageOpen</span>
                </div> <!-- method-content -->
              </div> <!-- method -->
              <div class="method">
                <div class="method-content">
                  <a name="homePageDoLogin">
                  </a> <!-- homePageDoLogin -->
                  <span class="method-name">homePageDoLogin</span>
                </div> <!-- method-content -->
              </div> <!-- method -->
              <div class="method">
                <div class="method-content">
                  <a name="homePageOpen">
                  </a> <!-- homePageOpen -->
                  <span class="method-name">homePageOpen</span>
                </div> <!-- method-content -->
              </div> <!-- method -->
              <div class="method">
                <div class="method-content">
                  <a name="openFormSelect">
                  </a> <!-- openFormSelect -->
                  <span class="method-name">openFormSelect</span>
                </div> <!-- method-content -->
              </div> <!-- method -->
              <div class="method">
                <div class="method-content">
                  <a name="selectSpecifiedForm">
                  </a> <!-- selectSpecifiedForm -->
                  <span class="method-name">selectSpecifiedForm</span>
                </div> <!-- method-content -->
              </div> <!-- method -->
              <div class="method">
                <div class="method-content">
                  <a name="startPageTitle">
                  </a> <!-- startPageTitle -->
                  <span class="method-name">startPageTitle</span>
                </div> <!-- method-content -->
              </div> <!-- method -->
            </div> <!-- main-panel-content rounded-window-bottom -->
          </div> <!-- suite-Default_suite-class-passed -->
        </div> <!-- panel Default_suite -->
        <div panel-name="test-xml-Default_suite" class="panel">
          <div class="main-panel-header rounded-window-top">
            <span class="header-content">/tmp/testng-eclipse--977063970/testng-customsuite.xml</span>
          </div> <!-- main-panel-header rounded-window-top -->
          <div class="main-panel-content rounded-window-bottom">
            <pre>
&lt;?xml version=&quot;1.0&quot; encoding=&quot;UTF-8&quot;?&gt;
&lt;!DOCTYPE suite SYSTEM &quot;http://testng.org/testng-1.0.dtd&quot;&gt;
&lt;suite name=&quot;Default suite&quot;&gt;
  &lt;test verbose=&quot;2&quot; name=&quot;Default test&quot;&gt;
    &lt;classes&gt;
      &lt;class name=&quot;nl.naturalis.selenium.crs.tests.Test02&quot;/&gt;
    &lt;/classes&gt;
  &lt;/test&gt; &lt;!-- Default test --&gt;
&lt;/suite&gt; &lt;!-- Default suite --&gt;
            </pre>
          </div> <!-- main-panel-content rounded-window-bottom -->
        </div> <!-- panel -->
        <div panel-name="testlist-Default_suite" class="panel">
          <div class="main-panel-header rounded-window-top">
            <span class="header-content">Tests for Default suite</span>
          </div> <!-- main-panel-header rounded-window-top -->
          <div class="main-panel-content rounded-window-bottom">
            <ul>
              <li>
                <span class="test-name">Default test (1 class)</span>
              </li>
            </ul>
          </div> <!-- main-panel-content rounded-window-bottom -->
        </div> <!-- panel -->
        <div panel-name="group-Default_suite" class="panel">
          <div class="main-panel-header rounded-window-top">
            <span class="header-content">Groups for Default suite</span>
          </div> <!-- main-panel-header rounded-window-top -->
          <div class="main-panel-content rounded-window-bottom">
          </div> <!-- main-panel-content rounded-window-bottom -->
        </div> <!-- panel -->
        <div panel-name="times-Default_suite" class="panel">
          <div class="main-panel-header rounded-window-top">
            <span class="header-content">Times for Default suite</span>
          </div> <!-- main-panel-header rounded-window-top -->
          <div class="main-panel-content rounded-window-bottom">
            <div class="times-div">
              <script type="text/javascript">
suiteTableInitFunctions.push('tableData_Default_suite');
function tableData_Default_suite() {
var data = new google.visualization.DataTable();
data.addColumn('number', 'Number');
data.addColumn('string', 'Method');
data.addColumn('string', 'Class');
data.addColumn('number', 'Time (ms)');
data.addRows(38);
data.setCell(0, 0, 0)
data.setCell(0, 1, 'checkRegistrationNumber')
data.setCell(0, 2, 'nl.naturalis.selenium.crs.tests.Test02')
data.setCell(0, 3, 2934);
data.setCell(1, 0, 1)
data.setCell(1, 1, 'clickAddSpecimen')
data.setCell(1, 2, 'nl.naturalis.selenium.crs.tests.Test02')
data.setCell(1, 3, 2749);
data.setCell(2, 0, 2)
data.setCell(2, 1, 'checkIncorrectSubmissionValueTest1A')
data.setCell(2, 2, 'nl.naturalis.selenium.crs.tests.Test02')
data.setCell(2, 3, 2253);
data.setCell(3, 0, 3)
data.setCell(3, 1, 'checkIllegalValuesStorageUnit')
data.setCell(3, 2, 'nl.naturalis.selenium.crs.tests.Test02')
data.setCell(3, 3, 2209);
data.setCell(4, 0, 4)
data.setCell(4, 1, 'checkContextDisplay')
data.setCell(4, 2, 'nl.naturalis.selenium.crs.tests.Test02')
data.setCell(4, 3, 2170);
data.setCell(5, 0, 5)
data.setCell(5, 1, 'checkThesaurusAndBinIcons')
data.setCell(5, 2, 'nl.naturalis.selenium.crs.tests.Test02')
data.setCell(5, 3, 2097);
data.setCell(6, 0, 6)
data.setCell(6, 1, 'checkCreateRegistrationNumber')
data.setCell(6, 2, 'nl.naturalis.selenium.crs.tests.Test02')
data.setCell(6, 3, 2088);
data.setCell(7, 0, 7)
data.setCell(7, 1, 'checkPrefix')
data.setCell(7, 2, 'nl.naturalis.selenium.crs.tests.Test02')
data.setCell(7, 3, 2080);
data.setCell(8, 0, 8)
data.setCell(8, 1, 'checkIconInfo')
data.setCell(8, 2, 'nl.naturalis.selenium.crs.tests.Test02')
data.setCell(8, 3, 1893);
data.setCell(9, 0, 9)
data.setCell(9, 1, 'checkIllegalValuesStorageLocations')
data.setCell(9, 2, 'nl.naturalis.selenium.crs.tests.Test02')
data.setCell(9, 3, 1862);
data.setCell(10, 0, 10)
data.setCell(10, 1, 'checkIncorrectSubmissionValueTest1B')
data.setCell(10, 2, 'nl.naturalis.selenium.crs.tests.Test02')
data.setCell(10, 3, 1768);
data.setCell(11, 0, 11)
data.setCell(11, 1, 'checkIncorrectSubmissionValueTest2B')
data.setCell(11, 2, 'nl.naturalis.selenium.crs.tests.Test02')
data.setCell(11, 3, 1736);
data.setCell(12, 0, 12)
data.setCell(12, 1, 'checkIncorrectSubmissionValueTest4B')
data.setCell(12, 2, 'nl.naturalis.selenium.crs.tests.Test02')
data.setCell(12, 3, 1713);
data.setCell(13, 0, 13)
data.setCell(13, 1, 'checkIncorrectSubmissionValueTest3B')
data.setCell(13, 2, 'nl.naturalis.selenium.crs.tests.Test02')
data.setCell(13, 3, 1700);
data.setCell(14, 0, 14)
data.setCell(14, 1, 'checkTextEntryBasisOfRecord')
data.setCell(14, 2, 'nl.naturalis.selenium.crs.tests.Test02')
data.setCell(14, 3, 1408);
data.setCell(15, 0, 15)
data.setCell(15, 1, 'checkTextEntryMount')
data.setCell(15, 2, 'nl.naturalis.selenium.crs.tests.Test02')
data.setCell(15, 3, 1379);
data.setCell(16, 0, 16)
data.setCell(16, 1, 'checkTextEntryCurrentCollectionName')
data.setCell(16, 2, 'nl.naturalis.selenium.crs.tests.Test02')
data.setCell(16, 3, 1370);
data.setCell(17, 0, 17)
data.setCell(17, 1, 'checkTextEntryPreservedPart')
data.setCell(17, 2, 'nl.naturalis.selenium.crs.tests.Test02')
data.setCell(17, 3, 1350);
data.setCell(18, 0, 18)
data.setCell(18, 1, 'homePageDoLogin')
data.setCell(18, 2, 'nl.naturalis.selenium.crs.tests.Test02')
data.setCell(18, 3, 1246);
data.setCell(19, 0, 19)
data.setCell(19, 1, 'checkIncorrectSubmissionValueTest2A')
data.setCell(19, 2, 'nl.naturalis.selenium.crs.tests.Test02')
data.setCell(19, 3, 1241);
data.setCell(20, 0, 20)
data.setCell(20, 1, 'checkIncorrectSubmissionValueTest3A')
data.setCell(20, 2, 'nl.naturalis.selenium.crs.tests.Test02')
data.setCell(20, 3, 1239);
data.setCell(21, 0, 21)
data.setCell(21, 1, 'checkIncorrectSubmissionValueTest4A')
data.setCell(21, 2, 'nl.naturalis.selenium.crs.tests.Test02')
data.setCell(21, 3, 1237);
data.setCell(22, 0, 22)
data.setCell(22, 1, 'checkIncorrectSubmissionValueTest1C')
data.setCell(22, 2, 'nl.naturalis.selenium.crs.tests.Test02')
data.setCell(22, 3, 1106);
data.setCell(23, 0, 23)
data.setCell(23, 1, 'checkIncorrectSubmissionValueTest4C')
data.setCell(23, 2, 'nl.naturalis.selenium.crs.tests.Test02')
data.setCell(23, 3, 1105);
data.setCell(24, 0, 24)
data.setCell(24, 1, 'checkEnterStorageUnits')
data.setCell(24, 2, 'nl.naturalis.selenium.crs.tests.Test02')
data.setCell(24, 3, 1102);
data.setCell(25, 0, 25)
data.setCell(25, 1, 'checkIncorrectSubmissionValueTest3C')
data.setCell(25, 2, 'nl.naturalis.selenium.crs.tests.Test02')
data.setCell(25, 3, 1099);
data.setCell(26, 0, 26)
data.setCell(26, 1, 'checkIncorrectSubmissionValueTest2C')
data.setCell(26, 2, 'nl.naturalis.selenium.crs.tests.Test02')
data.setCell(26, 3, 1098);
data.setCell(27, 0, 27)
data.setCell(27, 1, 'checkEnterRegistrationNumberWithE')
data.setCell(27, 2, 'nl.naturalis.selenium.crs.tests.Test02')
data.setCell(27, 3, 488);
data.setCell(28, 0, 28)
data.setCell(28, 1, 'checkEnterRegistrationNumberWithoutE')
data.setCell(28, 2, 'nl.naturalis.selenium.crs.tests.Test02')
data.setCell(28, 3, 467);
data.setCell(29, 0, 29)
data.setCell(29, 1, 'checkCreateRegistrationNumberWithE')
data.setCell(29, 2, 'nl.naturalis.selenium.crs.tests.Test02')
data.setCell(29, 3, 390);
data.setCell(30, 0, 30)
data.setCell(30, 1, 'openFormSelect')
data.setCell(30, 2, 'nl.naturalis.selenium.crs.tests.Test02')
data.setCell(30, 3, 329);
data.setCell(31, 0, 31)
data.setCell(31, 1, 'selectSpecifiedForm')
data.setCell(31, 2, 'nl.naturalis.selenium.crs.tests.Test02')
data.setCell(31, 3, 276);
data.setCell(32, 0, 32)
data.setCell(32, 1, 'checkAutosuggestStorageUnit')
data.setCell(32, 2, 'nl.naturalis.selenium.crs.tests.Test02')
data.setCell(32, 3, 228);
data.setCell(33, 0, 33)
data.setCell(33, 1, 'checkSuffix')
data.setCell(33, 2, 'nl.naturalis.selenium.crs.tests.Test02')
data.setCell(33, 3, 177);
data.setCell(34, 0, 34)
data.setCell(34, 1, 'checkNumber')
data.setCell(34, 2, 'nl.naturalis.selenium.crs.tests.Test02')
data.setCell(34, 3, 106);
data.setCell(35, 0, 35)
data.setCell(35, 1, 'detailPageOpen')
data.setCell(35, 2, 'nl.naturalis.selenium.crs.tests.Test02')
data.setCell(35, 3, 60);
data.setCell(36, 0, 36)
data.setCell(36, 1, 'homePageOpen')
data.setCell(36, 2, 'nl.naturalis.selenium.crs.tests.Test02')
data.setCell(36, 3, 25);
data.setCell(37, 0, 37)
data.setCell(37, 1, 'startPageTitle')
data.setCell(37, 2, 'nl.naturalis.selenium.crs.tests.Test02')
data.setCell(37, 3, 8);
window.suiteTableData['Default_suite']= { tableData: data, tableDiv: 'times-div-Default_suite'}
return data;
}
              </script>
              <span class="suite-total-time">Total running time: 47 seconds</span>
              <div id="times-div-Default_suite">
              </div> <!-- times-div-Default_suite -->
            </div> <!-- times-div -->
          </div> <!-- main-panel-content rounded-window-bottom -->
        </div> <!-- panel -->
        <div panel-name="reporter-Default_suite" class="panel">
          <div class="main-panel-header rounded-window-top">
            <span class="header-content">Reporter output for Default suite</span>
          </div> <!-- main-panel-header rounded-window-top -->
          <div class="main-panel-content rounded-window-bottom">
          </div> <!-- main-panel-content rounded-window-bottom -->
        </div> <!-- panel -->
        <div panel-name="ignored-methods-Default_suite" class="panel">
          <div class="main-panel-header rounded-window-top">
            <span class="header-content">0 ignored methods</span>
          </div> <!-- main-panel-header rounded-window-top -->
          <div class="main-panel-content rounded-window-bottom">
          </div> <!-- main-panel-content rounded-window-bottom -->
        </div> <!-- panel -->
        <div panel-name="chronological-Default_suite" class="panel">
          <div class="main-panel-header rounded-window-top">
            <span class="header-content">Methods in chronological order</span>
          </div> <!-- main-panel-header rounded-window-top -->
          <div class="main-panel-content rounded-window-bottom">
            <div class="chronological-class">
              <div class="chronological-class-name">nl.naturalis.selenium.crs.tests.Test02</div> <!-- chronological-class-name -->
              <div class="configuration-class before">
                <span class="method-name">initalize</span>
                <span class="method-start">0 ms</span>
              </div> <!-- configuration-class before -->
              <div class="test-method">
                <span class="method-name">homePageOpen</span>
                <span class="method-start">2411 ms</span>
              </div> <!-- test-method -->
              <div class="configuration-method after">
                <span class="method-name">takeScreenShotOnFailure([TestResult name=homePageOpen status=SUCCESS method=Test02.homePageOpen()[pri:0, instance:nl.natural...)</span>
                <span class="method-start">2438 ms</span>
              </div> <!-- configuration-method after -->
              <div class="test-method">
                <span class="method-name">homePageDoLogin</span>
                <span class="method-start">2448 ms</span>
              </div> <!-- test-method -->
              <div class="configuration-method after">
                <span class="method-name">takeScreenShotOnFailure([TestResult name=homePageDoLogin status=SUCCESS method=Test02.homePageDoLogin()[pri:0, instance:nl.n...)</span>
                <span class="method-start">3695 ms</span>
              </div> <!-- configuration-method after -->
              <div class="test-method">
                <span class="method-name">startPageTitle</span>
                <span class="method-start">3696 ms</span>
              </div> <!-- test-method -->
              <div class="configuration-method after">
                <span class="method-name">takeScreenShotOnFailure([TestResult name=startPageTitle status=SUCCESS method=Test02.startPageTitle()[pri:0, instance:nl.nat...)</span>
                <span class="method-start">3705 ms</span>
              </div> <!-- configuration-method after -->
              <div class="test-method">
                <span class="method-name">clickAddSpecimen</span>
                <span class="method-start">3706 ms</span>
              </div> <!-- test-method -->
              <div class="configuration-method after">
                <span class="method-name">takeScreenShotOnFailure([TestResult name=clickAddSpecimen status=SUCCESS method=Test02.clickAddSpecimen()[pri:0, instance:nl...)</span>
                <span class="method-start">6460 ms</span>
              </div> <!-- configuration-method after -->
              <div class="test-method">
                <span class="method-name">detailPageOpen</span>
                <span class="method-start">6462 ms</span>
              </div> <!-- test-method -->
              <div class="configuration-method after">
                <span class="method-name">takeScreenShotOnFailure([TestResult name=detailPageOpen status=SUCCESS method=Test02.detailPageOpen()[pri:0, instance:nl.nat...)</span>
                <span class="method-start">6523 ms</span>
              </div> <!-- configuration-method after -->
              <div class="test-method">
                <span class="method-name">openFormSelect</span>
                <span class="method-start">6526 ms</span>
              </div> <!-- test-method -->
              <div class="configuration-method after">
                <span class="method-name">takeScreenShotOnFailure([TestResult name=openFormSelect status=SUCCESS method=Test02.openFormSelect()[pri:0, instance:nl.nat...)</span>
                <span class="method-start">6856 ms</span>
              </div> <!-- configuration-method after -->
              <div class="test-method">
                <span class="method-name">selectSpecifiedForm</span>
                <span class="method-start">6856 ms</span>
              </div> <!-- test-method -->
              <div class="configuration-method after">
                <span class="method-name">takeScreenShotOnFailure([TestResult name=selectSpecifiedForm status=SUCCESS method=Test02.selectSpecifiedForm()[pri:0, insta...)</span>
                <span class="method-start">7133 ms</span>
              </div> <!-- configuration-method after -->
              <div class="test-method">
                <span class="method-name">checkIconInfo</span>
                <span class="method-start">7134 ms</span>
              </div> <!-- test-method -->
              <div class="configuration-method after">
                <span class="method-name">takeScreenShotOnFailure([TestResult name=checkIconInfo status=SUCCESS method=Test02.checkIconInfo()[pri:0, instance:nl.natur...)</span>
                <span class="method-start">9028 ms</span>
              </div> <!-- configuration-method after -->
              <div class="test-method">
                <span class="method-name">checkContextDisplay</span>
                <span class="method-start">9028 ms</span>
              </div> <!-- test-method -->
              <div class="configuration-method after">
                <span class="method-name">takeScreenShotOnFailure([TestResult name=checkContextDisplay status=SUCCESS method=Test02.checkContextDisplay()[pri:0, insta...)</span>
                <span class="method-start">11199 ms</span>
              </div> <!-- configuration-method after -->
              <div class="test-method">
                <span class="method-name">checkThesaurusAndBinIcons</span>
                <span class="method-start">11200 ms</span>
              </div> <!-- test-method -->
              <div class="configuration-method after">
                <span class="method-name">takeScreenShotOnFailure([TestResult name=checkThesaurusAndBinIcons status=SUCCESS method=Test02.checkThesaurusAndBinIcons()[...)</span>
                <span class="method-start">13297 ms</span>
              </div> <!-- configuration-method after -->
              <div class="test-method">
                <img src="failed.png">
                </img>
                <span class="method-name">checkIncorrectSubmissionValueTest1A</span>
                <span class="method-start">13298 ms</span>
              </div> <!-- test-method -->
              <div class="configuration-method after">
                <span class="method-name">takeScreenShotOnFailure([TestResult name=checkIncorrectSubmissionValueTest1A status=FAILURE method=Test02.checkIncorrectSubm...)</span>
                <span class="method-start">15554 ms</span>
              </div> <!-- configuration-method after -->
              <div class="test-method">
                <span class="method-name">checkIncorrectSubmissionValueTest1B</span>
                <span class="method-start">15799 ms</span>
              </div> <!-- test-method -->
              <div class="configuration-method after">
                <span class="method-name">takeScreenShotOnFailure([TestResult name=checkIncorrectSubmissionValueTest1B status=SUCCESS method=Test02.checkIncorrectSubm...)</span>
                <span class="method-start">17568 ms</span>
              </div> <!-- configuration-method after -->
              <div class="test-method">
                <span class="method-name">checkIncorrectSubmissionValueTest1C</span>
                <span class="method-start">17569 ms</span>
              </div> <!-- test-method -->
              <div class="configuration-method after">
                <span class="method-name">takeScreenShotOnFailure([TestResult name=checkIncorrectSubmissionValueTest1C status=SUCCESS method=Test02.checkIncorrectSubm...)</span>
                <span class="method-start">18676 ms</span>
              </div> <!-- configuration-method after -->
              <div class="test-method">
                <span class="method-name">checkIncorrectSubmissionValueTest2A</span>
                <span class="method-start">18677 ms</span>
              </div> <!-- test-method -->
              <div class="configuration-method after">
                <span class="method-name">takeScreenShotOnFailure([TestResult name=checkIncorrectSubmissionValueTest2A status=SUCCESS method=Test02.checkIncorrectSubm...)</span>
                <span class="method-start">19919 ms</span>
              </div> <!-- configuration-method after -->
              <div class="test-method">
                <span class="method-name">checkIncorrectSubmissionValueTest2B</span>
                <span class="method-start">19920 ms</span>
              </div> <!-- test-method -->
              <div class="configuration-method after">
                <span class="method-name">takeScreenShotOnFailure([TestResult name=checkIncorrectSubmissionValueTest2B status=SUCCESS method=Test02.checkIncorrectSubm...)</span>
                <span class="method-start">21656 ms</span>
              </div> <!-- configuration-method after -->
              <div class="test-method">
                <span class="method-name">checkIncorrectSubmissionValueTest2C</span>
                <span class="method-start">21657 ms</span>
              </div> <!-- test-method -->
              <div class="configuration-method after">
                <span class="method-name">takeScreenShotOnFailure([TestResult name=checkIncorrectSubmissionValueTest2C status=SUCCESS method=Test02.checkIncorrectSubm...)</span>
                <span class="method-start">22756 ms</span>
              </div> <!-- configuration-method after -->
              <div class="test-method">
                <span class="method-name">checkIncorrectSubmissionValueTest3A</span>
                <span class="method-start">22757 ms</span>
              </div> <!-- test-method -->
              <div class="configuration-method after">
                <span class="method-name">takeScreenShotOnFailure([TestResult name=checkIncorrectSubmissionValueTest3A status=SUCCESS method=Test02.checkIncorrectSubm...)</span>
                <span class="method-start">23996 ms</span>
              </div> <!-- configuration-method after -->
              <div class="test-method">
                <span class="method-name">checkIncorrectSubmissionValueTest3B</span>
                <span class="method-start">23997 ms</span>
              </div> <!-- test-method -->
              <div class="configuration-method after">
                <span class="method-name">takeScreenShotOnFailure([TestResult name=checkIncorrectSubmissionValueTest3B status=SUCCESS method=Test02.checkIncorrectSubm...)</span>
                <span class="method-start">25698 ms</span>
              </div> <!-- configuration-method after -->
              <div class="test-method">
                <span class="method-name">checkIncorrectSubmissionValueTest3C</span>
                <span class="method-start">25698 ms</span>
              </div> <!-- test-method -->
              <div class="configuration-method after">
                <span class="method-name">takeScreenShotOnFailure([TestResult name=checkIncorrectSubmissionValueTest3C status=SUCCESS method=Test02.checkIncorrectSubm...)</span>
                <span class="method-start">26798 ms</span>
              </div> <!-- configuration-method after -->
              <div class="test-method">
                <span class="method-name">checkIncorrectSubmissionValueTest4A</span>
                <span class="method-start">26799 ms</span>
              </div> <!-- test-method -->
              <div class="configuration-method after">
                <span class="method-name">takeScreenShotOnFailure([TestResult name=checkIncorrectSubmissionValueTest4A status=SUCCESS method=Test02.checkIncorrectSubm...)</span>
                <span class="method-start">28036 ms</span>
              </div> <!-- configuration-method after -->
              <div class="test-method">
                <span class="method-name">checkIncorrectSubmissionValueTest4B</span>
                <span class="method-start">28037 ms</span>
              </div> <!-- test-method -->
              <div class="configuration-method after">
                <span class="method-name">takeScreenShotOnFailure([TestResult name=checkIncorrectSubmissionValueTest4B status=SUCCESS method=Test02.checkIncorrectSubm...)</span>
                <span class="method-start">29751 ms</span>
              </div> <!-- configuration-method after -->
              <div class="test-method">
                <span class="method-name">checkIncorrectSubmissionValueTest4C</span>
                <span class="method-start">29751 ms</span>
              </div> <!-- test-method -->
              <div class="configuration-method after">
                <span class="method-name">takeScreenShotOnFailure([TestResult name=checkIncorrectSubmissionValueTest4C status=SUCCESS method=Test02.checkIncorrectSubm...)</span>
                <span class="method-start">30856 ms</span>
              </div> <!-- configuration-method after -->
              <div class="test-method">
                <span class="method-name">checkTextEntryCurrentCollectionName</span>
                <span class="method-start">30857 ms</span>
              </div> <!-- test-method -->
              <div class="configuration-method after">
                <span class="method-name">takeScreenShotOnFailure([TestResult name=checkTextEntryCurrentCollectionName status=SUCCESS method=Test02.checkTextEntryCurr...)</span>
                <span class="method-start">32228 ms</span>
              </div> <!-- configuration-method after -->
              <div class="test-method">
                <span class="method-name">checkTextEntryBasisOfRecord</span>
                <span class="method-start">32229 ms</span>
              </div> <!-- test-method -->
              <div class="configuration-method after">
                <span class="method-name">takeScreenShotOnFailure([TestResult name=checkTextEntryBasisOfRecord status=SUCCESS method=Test02.checkTextEntryBasisOfRecor...)</span>
                <span class="method-start">33638 ms</span>
              </div> <!-- configuration-method after -->
              <div class="test-method">
                <span class="method-name">checkTextEntryMount</span>
                <span class="method-start">33638 ms</span>
              </div> <!-- test-method -->
              <div class="configuration-method after">
                <span class="method-name">takeScreenShotOnFailure([TestResult name=checkTextEntryMount status=SUCCESS method=Test02.checkTextEntryMount()[pri:0, insta...)</span>
                <span class="method-start">35017 ms</span>
              </div> <!-- configuration-method after -->
              <div class="test-method">
                <span class="method-name">checkTextEntryPreservedPart</span>
                <span class="method-start">35018 ms</span>
              </div> <!-- test-method -->
              <div class="configuration-method after">
                <span class="method-name">takeScreenShotOnFailure([TestResult name=checkTextEntryPreservedPart status=SUCCESS method=Test02.checkTextEntryPreservedPar...)</span>
                <span class="method-start">36369 ms</span>
              </div> <!-- configuration-method after -->
              <div class="test-method">
                <span class="method-name">checkPrefix</span>
                <span class="method-start">36370 ms</span>
              </div> <!-- test-method -->
              <div class="configuration-method after">
                <span class="method-name">takeScreenShotOnFailure([TestResult name=checkPrefix status=SUCCESS method=Test02.checkPrefix()[pri:0, instance:nl.naturalis...)</span>
                <span class="method-start">38450 ms</span>
              </div> <!-- configuration-method after -->
              <div class="test-method">
                <span class="method-name">checkNumber</span>
                <span class="method-start">38451 ms</span>
              </div> <!-- test-method -->
              <div class="configuration-method after">
                <span class="method-name">takeScreenShotOnFailure([TestResult name=checkNumber status=SUCCESS method=Test02.checkNumber()[pri:0, instance:nl.naturalis...)</span>
                <span class="method-start">38557 ms</span>
              </div> <!-- configuration-method after -->
              <div class="test-method">
                <span class="method-name">checkSuffix</span>
                <span class="method-start">38558 ms</span>
              </div> <!-- test-method -->
              <div class="configuration-method after">
                <span class="method-name">takeScreenShotOnFailure([TestResult name=checkSuffix status=SUCCESS method=Test02.checkSuffix()[pri:0, instance:nl.naturalis...)</span>
                <span class="method-start">38735 ms</span>
              </div> <!-- configuration-method after -->
              <div class="test-method">
                <span class="method-name">checkRegistrationNumber</span>
                <span class="method-start">38736 ms</span>
              </div> <!-- test-method -->
              <div class="configuration-method after">
                <span class="method-name">takeScreenShotOnFailure([TestResult name=checkRegistrationNumber status=SUCCESS method=Test02.checkRegistrationNumber()[pri:...)</span>
                <span class="method-start">41671 ms</span>
              </div> <!-- configuration-method after -->
              <div class="test-method">
                <span class="method-name">checkCreateRegistrationNumber</span>
                <span class="method-start">41671 ms</span>
              </div> <!-- test-method -->
              <div class="configuration-method after">
                <span class="method-name">takeScreenShotOnFailure([TestResult name=checkCreateRegistrationNumber status=SUCCESS method=Test02.checkCreateRegistrationN...)</span>
                <span class="method-start">43759 ms</span>
              </div> <!-- configuration-method after -->
              <div class="test-method">
                <span class="method-name">checkCreateRegistrationNumberWithE</span>
                <span class="method-start">43760 ms</span>
              </div> <!-- test-method -->
              <div class="configuration-method after">
                <span class="method-name">takeScreenShotOnFailure([TestResult name=checkCreateRegistrationNumberWithE status=SUCCESS method=Test02.checkCreateRegistra...)</span>
                <span class="method-start">44151 ms</span>
              </div> <!-- configuration-method after -->
              <div class="test-method">
                <span class="method-name">checkEnterRegistrationNumberWithE</span>
                <span class="method-start">44151 ms</span>
              </div> <!-- test-method -->
              <div class="configuration-method after">
                <span class="method-name">takeScreenShotOnFailure([TestResult name=checkEnterRegistrationNumberWithE status=SUCCESS method=Test02.checkEnterRegistrati...)</span>
                <span class="method-start">44640 ms</span>
              </div> <!-- configuration-method after -->
              <div class="test-method">
                <span class="method-name">checkEnterRegistrationNumberWithoutE</span>
                <span class="method-start">44640 ms</span>
              </div> <!-- test-method -->
              <div class="configuration-method after">
                <span class="method-name">takeScreenShotOnFailure([TestResult name=checkEnterRegistrationNumberWithoutE status=SUCCESS method=Test02.checkEnterRegistr...)</span>
                <span class="method-start">45107 ms</span>
              </div> <!-- configuration-method after -->
              <div class="test-method">
                <span class="method-name">checkIllegalValuesStorageUnit</span>
                <span class="method-start">45107 ms</span>
              </div> <!-- test-method -->
              <div class="configuration-method after">
                <span class="method-name">takeScreenShotOnFailure([TestResult name=checkIllegalValuesStorageUnit status=SUCCESS method=Test02.checkIllegalValuesStorag...)</span>
                <span class="method-start">47316 ms</span>
              </div> <!-- configuration-method after -->
              <div class="test-method">
                <span class="method-name">checkAutosuggestStorageUnit</span>
                <span class="method-start">47317 ms</span>
              </div> <!-- test-method -->
              <div class="configuration-method after">
                <span class="method-name">takeScreenShotOnFailure([TestResult name=checkAutosuggestStorageUnit status=SUCCESS method=Test02.checkAutosuggestStorageUni...)</span>
                <span class="method-start">47545 ms</span>
              </div> <!-- configuration-method after -->
              <div class="test-method">
                <img src="failed.png">
                </img>
                <span class="method-name">checkEnterStorageUnits</span>
                <span class="method-start">47546 ms</span>
              </div> <!-- test-method -->
              <div class="configuration-method after">
                <span class="method-name">takeScreenShotOnFailure([TestResult name=checkEnterStorageUnits status=FAILURE method=Test02.checkEnterStorageUnits()[pri:0,...)</span>
                <span class="method-start">48649 ms</span>
              </div> <!-- configuration-method after -->
              <div class="test-method">
                <span class="method-name">checkIllegalValuesStorageLocations</span>
                <span class="method-start">48819 ms</span>
              </div> <!-- test-method -->
              <div class="configuration-method after">
                <span class="method-name">takeScreenShotOnFailure([TestResult name=checkIllegalValuesStorageLocations status=SUCCESS method=Test02.checkIllegalValuesS...)</span>
                <span class="method-start">50681 ms</span>
              </div> <!-- configuration-method after -->
              <div class="configuration-class after">
                <span class="method-name">cleanUp</span>
                <span class="method-start">50682 ms</span>
              </div> <!-- configuration-class after -->
          </div> <!-- main-panel-content rounded-window-bottom -->
        </div> <!-- panel -->
      </div> <!-- main-panel-root -->
    </div> <!-- wrapper -->
  </body>
</html>
