<?xml version="1.0" encoding="UTF-8"?>
<testng-results skipped="2" failed="1" total="10" passed="7">
  <reporter-output>
  </reporter-output>
  <suite name="Default suite" duration-ms="8601" started-at="2016-12-06T15:31:03Z" finished-at="2016-12-06T15:31:11Z">
    <groups>
    </groups>
    <test name="Default test" duration-ms="8601" started-at="2016-12-06T15:31:03Z" finished-at="2016-12-06T15:31:11Z">
      <class name="nl.naturalis.selenium.crs.tests.ProtoTest">
        <test-method status="PASS" signature="initalize()[pri:0, instance:nl.naturalis.selenium.crs.tests.ProtoTest@3ffc5af1]" name="initalize" is-config="true" duration-ms="2522" started-at="2016-12-06T16:31:03Z" finished-at="2016-12-06T16:31:05Z">
          <reporter-output>
          </reporter-output>
        </test-method> <!-- initalize -->
        <test-method status="PASS" signature="homePageOpen()[pri:0, instance:nl.naturalis.selenium.crs.tests.ProtoTest@3ffc5af1]" name="homePageOpen" duration-ms="28" started-at="2016-12-06T16:31:05Z" finished-at="2016-12-06T16:31:05Z">
          <reporter-output>
          </reporter-output>
        </test-method> <!-- homePageOpen -->
        <test-method status="PASS" signature="takeScreenShotOnFailure(org.testng.ITestResult)[pri:0, instance:nl.naturalis.selenium.crs.tests.ProtoTest@3ffc5af1]" name="takeScreenShotOnFailure" is-config="true" duration-ms="1" started-at="2016-12-06T16:31:05Z" finished-at="2016-12-06T16:31:05Z">
          <params>
            <param index="0">
              <value>
                <![CDATA[[TestResult name=homePageOpen status=SUCCESS method=ProtoTest.homePageOpen()[pri:0, instance:nl.naturalis.selenium.crs.tests.ProtoTest@3ffc5af1] output={null}]]]>
              </value>
            </param>
          </params>
          <reporter-output>
          </reporter-output>
        </test-method> <!-- takeScreenShotOnFailure -->
        <test-method status="PASS" signature="homePageDoLogin()[pri:0, instance:nl.naturalis.selenium.crs.tests.ProtoTest@3ffc5af1]" name="homePageDoLogin" duration-ms="1288" started-at="2016-12-06T16:31:05Z" depends-on-methods="nl.naturalis.selenium.crs.tests.ProtoTest.homePageOpen" finished-at="2016-12-06T16:31:06Z">
          <reporter-output>
          </reporter-output>
        </test-method> <!-- homePageDoLogin -->
        <test-method status="PASS" signature="takeScreenShotOnFailure(org.testng.ITestResult)[pri:0, instance:nl.naturalis.selenium.crs.tests.ProtoTest@3ffc5af1]" name="takeScreenShotOnFailure" is-config="true" duration-ms="1" started-at="2016-12-06T16:31:06Z" finished-at="2016-12-06T16:31:06Z">
          <params>
            <param index="0">
              <value>
                <![CDATA[[TestResult name=homePageDoLogin status=SUCCESS method=ProtoTest.homePageDoLogin()[pri:0, instance:nl.naturalis.selenium.crs.tests.ProtoTest@3ffc5af1] output={null}]]]>
              </value>
            </param>
          </params>
          <reporter-output>
          </reporter-output>
        </test-method> <!-- takeScreenShotOnFailure -->
        <test-method status="PASS" signature="startPageTitle()[pri:0, instance:nl.naturalis.selenium.crs.tests.ProtoTest@3ffc5af1]" name="startPageTitle" duration-ms="42" started-at="2016-12-06T16:31:06Z" depends-on-methods="nl.naturalis.selenium.crs.tests.ProtoTest.homePageDoLogin" finished-at="2016-12-06T16:31:06Z">
          <reporter-output>
          </reporter-output>
        </test-method> <!-- startPageTitle -->
        <test-method status="PASS" signature="takeScreenShotOnFailure(org.testng.ITestResult)[pri:0, instance:nl.naturalis.selenium.crs.tests.ProtoTest@3ffc5af1]" name="takeScreenShotOnFailure" is-config="true" duration-ms="1" started-at="2016-12-06T16:31:06Z" finished-at="2016-12-06T16:31:06Z">
          <params>
            <param index="0">
              <value>
                <![CDATA[[TestResult name=startPageTitle status=SUCCESS method=ProtoTest.startPageTitle()[pri:0, instance:nl.naturalis.selenium.crs.tests.ProtoTest@3ffc5af1] output={null}]]]>
              </value>
            </param>
          </params>
          <reporter-output>
          </reporter-output>
        </test-method> <!-- takeScreenShotOnFailure -->
        <test-method status="PASS" signature="clickAddSpecimen()[pri:0, instance:nl.naturalis.selenium.crs.tests.ProtoTest@3ffc5af1]" name="clickAddSpecimen" duration-ms="2512" started-at="2016-12-06T16:31:06Z" depends-on-methods="nl.naturalis.selenium.crs.tests.ProtoTest.startPageTitle" finished-at="2016-12-06T16:31:09Z">
          <reporter-output>
          </reporter-output>
        </test-method> <!-- clickAddSpecimen -->
        <test-method status="PASS" signature="takeScreenShotOnFailure(org.testng.ITestResult)[pri:0, instance:nl.naturalis.selenium.crs.tests.ProtoTest@3ffc5af1]" name="takeScreenShotOnFailure" is-config="true" duration-ms="3" started-at="2016-12-06T16:31:09Z" finished-at="2016-12-06T16:31:09Z">
          <params>
            <param index="0">
              <value>
                <![CDATA[[TestResult name=clickAddSpecimen status=SUCCESS method=ProtoTest.clickAddSpecimen()[pri:0, instance:nl.naturalis.selenium.crs.tests.ProtoTest@3ffc5af1] output={null}]]]>
              </value>
            </param>
          </params>
          <reporter-output>
          </reporter-output>
        </test-method> <!-- takeScreenShotOnFailure -->
        <test-method status="PASS" signature="detailPageOpen()[pri:0, instance:nl.naturalis.selenium.crs.tests.ProtoTest@3ffc5af1]" name="detailPageOpen" duration-ms="34" started-at="2016-12-06T16:31:09Z" depends-on-methods="nl.naturalis.selenium.crs.tests.ProtoTest.clickAddSpecimen" finished-at="2016-12-06T16:31:09Z">
          <reporter-output>
          </reporter-output>
        </test-method> <!-- detailPageOpen -->
        <test-method status="PASS" signature="takeScreenShotOnFailure(org.testng.ITestResult)[pri:0, instance:nl.naturalis.selenium.crs.tests.ProtoTest@3ffc5af1]" name="takeScreenShotOnFailure" is-config="true" duration-ms="1" started-at="2016-12-06T16:31:09Z" finished-at="2016-12-06T16:31:09Z">
          <params>
            <param index="0">
              <value>
                <![CDATA[[TestResult name=detailPageOpen status=SUCCESS method=ProtoTest.detailPageOpen()[pri:0, instance:nl.naturalis.selenium.crs.tests.ProtoTest@3ffc5af1] output={null}]]]>
              </value>
            </param>
          </params>
          <reporter-output>
          </reporter-output>
        </test-method> <!-- takeScreenShotOnFailure -->
        <test-method status="PASS" signature="openFormSelect()[pri:0, instance:nl.naturalis.selenium.crs.tests.ProtoTest@3ffc5af1]" name="openFormSelect" duration-ms="300" started-at="2016-12-06T16:31:09Z" depends-on-methods="nl.naturalis.selenium.crs.tests.ProtoTest.detailPageOpen" finished-at="2016-12-06T16:31:09Z">
          <reporter-output>
          </reporter-output>
        </test-method> <!-- openFormSelect -->
        <test-method status="PASS" signature="selectSpecifiedForm()[pri:0, instance:nl.naturalis.selenium.crs.tests.ProtoTest@3ffc5af1]" name="selectSpecifiedForm" duration-ms="265" started-at="2016-12-06T16:31:09Z" depends-on-methods="nl.naturalis.selenium.crs.tests.ProtoTest.openFormSelect" finished-at="2016-12-06T16:31:10Z">
          <reporter-output>
          </reporter-output>
        </test-method> <!-- selectSpecifiedForm -->
        <test-method status="PASS" signature="takeScreenShotOnFailure(org.testng.ITestResult)[pri:0, instance:nl.naturalis.selenium.crs.tests.ProtoTest@3ffc5af1]" name="takeScreenShotOnFailure" is-config="true" duration-ms="0" started-at="2016-12-06T16:31:09Z" finished-at="2016-12-06T16:31:09Z">
          <params>
            <param index="0">
              <value>
                <![CDATA[[TestResult name=openFormSelect status=SUCCESS method=ProtoTest.openFormSelect()[pri:0, instance:nl.naturalis.selenium.crs.tests.ProtoTest@3ffc5af1] output={null}]]]>
              </value>
            </param>
          </params>
          <reporter-output>
          </reporter-output>
        </test-method> <!-- takeScreenShotOnFailure -->
        <test-method status="PASS" signature="takeScreenShotOnFailure(org.testng.ITestResult)[pri:0, instance:nl.naturalis.selenium.crs.tests.ProtoTest@3ffc5af1]" name="takeScreenShotOnFailure" is-config="true" duration-ms="0" started-at="2016-12-06T16:31:10Z" finished-at="2016-12-06T16:31:10Z">
          <params>
            <param index="0">
              <value>
                <![CDATA[[TestResult name=selectSpecifiedForm status=SUCCESS method=ProtoTest.selectSpecifiedForm()[pri:0, instance:nl.naturalis.selenium.crs.tests.ProtoTest@3ffc5af1] output={null}]]]>
              </value>
            </param>
          </params>
          <reporter-output>
          </reporter-output>
        </test-method> <!-- takeScreenShotOnFailure -->
        <test-method status="FAIL" signature="smallDelay()[pri:0, instance:nl.naturalis.selenium.crs.tests.ProtoTest@3ffc5af1]" name="smallDelay" duration-ms="1304" started-at="2016-12-06T16:31:10Z" depends-on-methods="nl.naturalis.selenium.crs.tests.ProtoTest.selectSpecifiedForm" finished-at="2016-12-06T16:31:11Z">
          <exception class="org.openqa.selenium.WebDriverException">
            <message>
              <![CDATA[unknown error: Runtime.evaluate threw exception: Error: element is not attached to the page document
    at Cache.retrieveItem (<anonymous>:77:17)
    at unwrap (<anonymous>:189:20)
    at unwrap (<anonymous>:193:19)
    at callFunction (<anonymous>:233:29)
    at apply.ELEMENT (<anonymous>:247:23)
    at <anonymous>:248:3
  (Session info: chrome=55.0.2883.75)
  (Driver info: chromedriver=2.24.417424 (c5c5ea873213ee72e3d0929b47482681555340c3),platform=Linux 4.4.0-53-generic x86_64) (WARNING: The server did not provide any stacktrace information)
Command duration or timeout: 28 milliseconds
Build info: version: '2.53.1', revision: 'a36b8b1cd5757287168e54b817830adce9b0158d', time: '2016-06-30 19:26:09'
System info: host: 'LT005461', ip: '127.0.1.1', os.name: 'Linux', os.arch: 'amd64', os.version: '4.4.0-53-generic', java.version: '1.8.0_111'
Driver info: org.openqa.selenium.chrome.ChromeDriver
Capabilities [{applicationCacheEnabled=false, rotatable=false, mobileEmulationEnabled=false, networkConnectionEnabled=false, chrome={chromedriverVersion=2.24.417424 (c5c5ea873213ee72e3d0929b47482681555340c3), userDataDir=/tmp/.org.chromium.Chromium.EzkOY0}, takesHeapSnapshot=true, pageLoadStrategy=normal, databaseEnabled=false, handlesAlerts=true, hasTouchScreen=false, version=55.0.2883.75, platform=LINUX, browserConnectionEnabled=false, nativeEvents=true, acceptSslCerts=true, locationContextEnabled=true, webStorageEnabled=true, browserName=chrome, takesScreenshot=true, javascriptEnabled=true, cssSelectorsEnabled=true}]
Session ID: 946f3295425b5d9afa4a7a096f2f3b43]]>
            </message>
            <full-stacktrace>
              <![CDATA[org.openqa.selenium.WebDriverException: unknown error: Runtime.evaluate threw exception: Error: element is not attached to the page document
    at Cache.retrieveItem (<anonymous>:77:17)
    at unwrap (<anonymous>:189:20)
    at unwrap (<anonymous>:193:19)
    at callFunction (<anonymous>:233:29)
    at apply.ELEMENT (<anonymous>:247:23)
    at <anonymous>:248:3
  (Session info: chrome=55.0.2883.75)
  (Driver info: chromedriver=2.24.417424 (c5c5ea873213ee72e3d0929b47482681555340c3),platform=Linux 4.4.0-53-generic x86_64) (WARNING: The server did not provide any stacktrace information)
Command duration or timeout: 28 milliseconds
Build info: version: '2.53.1', revision: 'a36b8b1cd5757287168e54b817830adce9b0158d', time: '2016-06-30 19:26:09'
System info: host: 'LT005461', ip: '127.0.1.1', os.name: 'Linux', os.arch: 'amd64', os.version: '4.4.0-53-generic', java.version: '1.8.0_111'
Driver info: org.openqa.selenium.chrome.ChromeDriver
Capabilities [{applicationCacheEnabled=false, rotatable=false, mobileEmulationEnabled=false, networkConnectionEnabled=false, chrome={chromedriverVersion=2.24.417424 (c5c5ea873213ee72e3d0929b47482681555340c3), userDataDir=/tmp/.org.chromium.Chromium.EzkOY0}, takesHeapSnapshot=true, pageLoadStrategy=normal, databaseEnabled=false, handlesAlerts=true, hasTouchScreen=false, version=55.0.2883.75, platform=LINUX, browserConnectionEnabled=false, nativeEvents=true, acceptSslCerts=true, locationContextEnabled=true, webStorageEnabled=true, browserName=chrome, takesScreenshot=true, javascriptEnabled=true, cssSelectorsEnabled=true}]
Session ID: 946f3295425b5d9afa4a7a096f2f3b43
	at sun.reflect.NativeConstructorAccessorImpl.newInstance0(Native Method)
	at sun.reflect.NativeConstructorAccessorImpl.newInstance(NativeConstructorAccessorImpl.java:62)
	at sun.reflect.DelegatingConstructorAccessorImpl.newInstance(DelegatingConstructorAccessorImpl.java:45)
	at java.lang.reflect.Constructor.newInstance(Constructor.java:423)
	at org.openqa.selenium.remote.ErrorHandler.createThrowable(ErrorHandler.java:206)
	at org.openqa.selenium.remote.ErrorHandler.throwIfResponseFailed(ErrorHandler.java:158)
	at org.openqa.selenium.remote.RemoteWebDriver.execute(RemoteWebDriver.java:678)
	at org.openqa.selenium.remote.RemoteWebDriver$RemoteTargetLocator.frame(RemoteWebDriver.java:1004)
	at org.openqa.selenium.remote.RemoteWebDriver$RemoteTargetLocator.frame(RemoteWebDriver.java:999)
	at nl.naturalis.selenium.crs.pages.DetailBeschrijvingenPage.switchToFrame_1(DetailBeschrijvingenPage.java:573)
	at nl.naturalis.selenium.crs.pages.DetailBeschrijvingenPage.setRemarks(DetailBeschrijvingenPage.java:428)
	at nl.naturalis.selenium.crs.tests.ProtoTest.smallDelay(ProtoTest.java:165)
	at sun.reflect.NativeMethodAccessorImpl.invoke0(Native Method)
	at sun.reflect.NativeMethodAccessorImpl.invoke(NativeMethodAccessorImpl.java:62)
	at sun.reflect.DelegatingMethodAccessorImpl.invoke(DelegatingMethodAccessorImpl.java:43)
	at java.lang.reflect.Method.invoke(Method.java:498)
	at org.testng.internal.MethodInvocationHelper.invokeMethod(MethodInvocationHelper.java:80)
	at org.testng.internal.Invoker.invokeMethod(Invoker.java:714)
	at org.testng.internal.Invoker.invokeTestMethod(Invoker.java:901)
	at org.testng.internal.Invoker.invokeTestMethods(Invoker.java:1231)
	at org.testng.internal.TestMethodWorker.invokeTestMethods(TestMethodWorker.java:127)
	at org.testng.internal.TestMethodWorker.run(TestMethodWorker.java:111)
	at org.testng.TestRunner.privateRun(TestRunner.java:767)
	at org.testng.TestRunner.run(TestRunner.java:617)
	at org.testng.SuiteRunner.runTest(SuiteRunner.java:334)
	at org.testng.SuiteRunner.runSequentially(SuiteRunner.java:329)
	at org.testng.SuiteRunner.privateRun(SuiteRunner.java:291)
	at org.testng.SuiteRunner.run(SuiteRunner.java:240)
	at org.testng.SuiteRunnerWorker.runSuite(SuiteRunnerWorker.java:52)
	at org.testng.SuiteRunnerWorker.run(SuiteRunnerWorker.java:86)
	at org.testng.TestNG.runSuitesSequentially(TestNG.java:1198)
	at org.testng.TestNG.runSuitesLocally(TestNG.java:1123)
	at org.testng.TestNG.run(TestNG.java:1031)
	at org.testng.remote.AbstractRemoteTestNG.run(AbstractRemoteTestNG.java:132)
	at org.testng.remote.RemoteTestNG.initAndRun(RemoteTestNG.java:236)
	at org.testng.remote.RemoteTestNG.main(RemoteTestNG.java:81)
]]>
            </full-stacktrace>
          </exception> <!-- org.openqa.selenium.WebDriverException -->
          <reporter-output>
          </reporter-output>
        </test-method> <!-- smallDelay -->
        <test-method status="PASS" signature="takeScreenShotOnFailure(org.testng.ITestResult)[pri:0, instance:nl.naturalis.selenium.crs.tests.ProtoTest@3ffc5af1]" name="takeScreenShotOnFailure" is-config="true" duration-ms="247" started-at="2016-12-06T16:31:11Z" finished-at="2016-12-06T16:31:11Z">
          <params>
            <param index="0">
              <value>
                <![CDATA[[TestResult name=smallDelay status=FAILURE method=ProtoTest.smallDelay()[pri:0, instance:nl.naturalis.selenium.crs.tests.ProtoTest@3ffc5af1] output={null}]]]>
              </value>
            </param>
          </params>
          <reporter-output>
          </reporter-output>
        </test-method> <!-- takeScreenShotOnFailure -->
        <test-method status="SKIP" signature="checkIllegalValuesStorageUnit()[pri:0, instance:nl.naturalis.selenium.crs.tests.ProtoTest@3ffc5af1]" name="checkIllegalValuesStorageUnit" duration-ms="1" started-at="2016-12-06T16:31:11Z" depends-on-methods="nl.naturalis.selenium.crs.tests.ProtoTest.smallDelay" finished-at="2016-12-06T16:31:11Z">
          <reporter-output>
          </reporter-output>
        </test-method> <!-- checkIllegalValuesStorageUnit -->
        <test-method status="SKIP" signature="checkAutosuggestStorageUnit()[pri:0, instance:nl.naturalis.selenium.crs.tests.ProtoTest@3ffc5af1]" name="checkAutosuggestStorageUnit" duration-ms="1" started-at="2016-12-06T16:31:11Z" depends-on-methods="nl.naturalis.selenium.crs.tests.ProtoTest.checkIllegalValuesStorageUnit" finished-at="2016-12-06T16:31:11Z">
          <reporter-output>
          </reporter-output>
        </test-method> <!-- checkAutosuggestStorageUnit -->
        <test-method status="PASS" signature="cleanUp()[pri:0, instance:nl.naturalis.selenium.crs.tests.ProtoTest@3ffc5af1]" name="cleanUp" is-config="true" duration-ms="1" started-at="2016-12-06T16:31:11Z" finished-at="2016-12-06T16:31:11Z">
          <reporter-output>
          </reporter-output>
        </test-method> <!-- cleanUp -->
      </class> <!-- nl.naturalis.selenium.crs.tests.ProtoTest -->
    </test> <!-- Default test -->
  </suite> <!-- Default suite -->
</testng-results>
