<html>
<head>
<title>TestNG:  Default test</title>
<link href="../testng.css" rel="stylesheet" type="text/css" />
<link href="../my-testng.css" rel="stylesheet" type="text/css" />

<style type="text/css">
.log { display: none;} 
.stack-trace { display: none;} 
</style>
<script type="text/javascript">
<!--
function flip(e) {
  current = e.style.display;
  if (current == 'block') {
    e.style.display = 'none';
    return 0;
  }
  else {
    e.style.display = 'block';
    return 1;
  }
}

function toggleBox(szDivId, elem, msg1, msg2)
{
  var res = -1;  if (document.getElementById) {
    res = flip(document.getElementById(szDivId));
  }
  else if (document.all) {
    // this is the way old msie versions work
    res = flip(document.all[szDivId]);
  }
  if(elem) {
    if(res == 0) elem.innerHTML = msg1; else elem.innerHTML = msg2;
  }

}

function toggleAllBoxes() {
  if (document.getElementsByTagName) {
    d = document.getElementsByTagName('div');
    for (i = 0; i < d.length; i++) {
      if (d[i].className == 'log') {
        flip(d[i]);
      }
    }
  }
}

// -->
</script>

</head>
<body>
<h2 align='center'>Default test</h2><table border='1' align="center">
<tr>
<td>Tests passed/Failed/Skipped:</td><td>36/2/0</td>
</tr><tr>
<td>Started on:</td><td>Fri Dec 09 15:15:47 CET 2016</td>
</tr>
<tr><td>Total time:</td><td>50 seconds (50697 ms)</td>
</tr><tr>
<td>Included groups:</td><td></td>
</tr><tr>
<td>Excluded groups:</td><td></td>
</tr>
</table><p/>
<small><i>(Hover the method name to see the test class name)</i></small><p/>
<table width='100%' border='1' class='invocation-failed'>
<tr><td colspan='4' align='center'><b>FAILED TESTS</b></td></tr>
<tr><td><b>Test method</b></td>
<td width="30%"><b>Exception</b></td>
<td width="10%"><b>Time (seconds)</b></td>
<td><b>Instance</b></td>
</tr>
<tr>
<td title='nl.naturalis.selenium.crs.tests.Test02.checkEnterStorageUnits()'><b>checkEnterStorageUnits</b><br>Test class: nl.naturalis.selenium.crs.tests.Test02</td>
<td><div><pre>org.openqa.selenium.NoSuchElementException: no such element: Unable to locate element: {&quot;method&quot;:&quot;partial link text&quot;,&quot;selector&quot;:&quot;BE.0000001&quot;}
  (Session info: chrome=55.0.2883.75)
  (Driver info: chromedriver=2.24.417424 (c5c5ea873213ee72e3d0929b47482681555340c3),platform=Linux 4.4.0-53-generic x86_64) (WARNING: The server did not provide any stacktrace information)
Command duration or timeout: 1.04 seconds
For documentation on this error, please visit: http://seleniumhq.org/exceptions/no_such_element.html
Build info: version: &apos;2.53.1&apos;, revision: &apos;a36b8b1cd5757287168e54b817830adce9b0158d&apos;, time: &apos;2016-06-30 19:26:09&apos;
System info: host: &apos;LT005461&apos;, ip: &apos;127.0.1.1&apos;, os.name: &apos;Linux&apos;, os.arch: &apos;amd64&apos;, os.version: &apos;4.4.0-53-generic&apos;, java.version: &apos;1.8.0_111&apos;
Driver info: org.openqa.selenium.chrome.ChromeDriver
Capabilities [{applicationCacheEnabled=false, rotatable=false, mobileEmulationEnabled=false, networkConnectionEnabled=false, chrome={chromedriverVersion=2.24.417424 (c5c5ea873213ee72e3d0929b47482681555340c3), userDataDir=/tmp/.org.chromium.Chromium.EsXb8g}, takesHeapSnapshot=true, pageLoadStrategy=normal, databaseEnabled=false, handlesAlerts=true, hasTouchScreen=false, version=55.0.2883.75, platform=LINUX, browserConnectionEnabled=false, nativeEvents=true, acceptSslCerts=true, locationContextEnabled=true, webStorageEnabled=true, browserName=chrome, takesScreenshot=true, javascriptEnabled=true, cssSelectorsEnabled=true}]
Session ID: c57705868af38606afd56ffb9a51eed1
*** Element info: {Using=partial link text, value=BE.0000001}
	at sun.reflect.NativeConstructorAccessorImpl.newInstance0(Native Method)
	at sun.reflect.NativeConstructorAccessorImpl.newInstance(NativeConstructorAccessorImpl.java:62)
	at sun.reflect.DelegatingConstructorAccessorImpl.newInstance(DelegatingConstructorAccessorImpl.java:45)
	at java.lang.reflect.Constructor.newInstance(Constructor.java:423)
	at org.openqa.selenium.remote.ErrorHandler.createThrowable(ErrorHandler.java:206)
	at org.openqa.selenium.remote.ErrorHandler.throwIfResponseFailed(ErrorHandler.java:158)
	at org.openqa.selenium.remote.RemoteWebDriver.execute(RemoteWebDriver.java:678)
	at org.openqa.selenium.remote.RemoteWebDriver.findElement(RemoteWebDriver.java:363)
	at org.openqa.selenium.remote.RemoteWebDriver.findElementByPartialLinkText(RemoteWebDriver.java:436)
	at org.openqa.selenium.By$ByPartialLinkText.findElement(By.java:273)
	at org.openqa.selenium.remote.RemoteWebDriver.findElement(RemoteWebDriver.java:355)
	at nl.naturalis.selenium.crs.pages.DetailBeschrijvingenPage.selectStandardStorageUnit(DetailBeschrijvingenPage.java:470)
	at nl.naturalis.selenium.crs.tests.Test02.checkEnterStorageUnits(Test02.java:727)
	at sun.reflect.NativeMethodAccessorImpl.invoke0(Native Method)
	at sun.reflect.NativeMethodAccessorImpl.invoke(NativeMethodAccessorImpl.java:62)
	at sun.reflect.DelegatingMethodAccessorImpl.invoke(DelegatingMethodAccessorImpl.java:43)
	at java.lang.reflect.Method.invoke(Method.java:498)
	at org.testng.internal.MethodInvocationHelper.invokeMethod(MethodInvocationHelper.java:80)
	at org.testng.internal.Invoker.invokeMethod(Invoker.java:714)
	at org.testng.internal.Invoker.invokeTestMethod(Invoker.java:901)
	at org.testng.internal.Invoker.invokeTestMethods(Invoker.java:1231)
	at org.testng.internal.TestMethodWorker.invokeTestMethods(TestMethodWorker.java:127)
	at org.testng.internal.TestMethodWorker.run(TestMethodWorker.java:111)
	at org.testng.TestRunner.privateRun(TestRunner.java:767)
	at org.testng.TestRunner.run(TestRunner.java:617)
	at org.testng.SuiteRunner.runTest(SuiteRunner.java:334)
	at org.testng.SuiteRunner.runSequentially(SuiteRunner.java:329)
	at org.testng.SuiteRunner.privateRun(SuiteRunner.java:291)
	at org.testng.SuiteRunner.run(SuiteRunner.java:240)
	at org.testng.SuiteRunnerWorker.runSuite(SuiteRunnerWorker.java:52)
	at org.testng.SuiteRunnerWorker.run(SuiteRunnerWorker.java:86)
	at org.testng.TestNG.runSuitesSequentially(TestNG.java:1198)
	at org.testng.TestNG.runSuitesLocally(TestNG.java:1123)
	at org.testng.TestNG.run(TestNG.java:1031)
	at org.testng.remote.AbstractRemoteTestNG.run(AbstractRemoteTestNG.java:132)
	at org.testng.remote.RemoteTestNG.initAndRun(RemoteTestNG.java:236)
	at org.testng.remote.RemoteTestNG.main(RemoteTestNG.java:81)
</pre></div><a href='#' onClick='toggleBox("stack-trace1160850402", this, "Click to show all stack frames", "Click to hide stack frames")'>Click to show all stack frames</a>
<div class='stack-trace' id='stack-trace1160850402'><pre>org.openqa.selenium.NoSuchElementException: no such element: Unable to locate element: {&quot;method&quot;:&quot;partial link text&quot;,&quot;selector&quot;:&quot;BE.0000001&quot;}
  (Session info: chrome=55.0.2883.75)
  (Driver info: chromedriver=2.24.417424 (c5c5ea873213ee72e3d0929b47482681555340c3),platform=Linux 4.4.0-53-generic x86_64) (WARNING: The server did not provide any stacktrace information)
Command duration or timeout: 1.04 seconds
For documentation on this error, please visit: http://seleniumhq.org/exceptions/no_such_element.html
Build info: version: &apos;2.53.1&apos;, revision: &apos;a36b8b1cd5757287168e54b817830adce9b0158d&apos;, time: &apos;2016-06-30 19:26:09&apos;
System info: host: &apos;LT005461&apos;, ip: &apos;127.0.1.1&apos;, os.name: &apos;Linux&apos;, os.arch: &apos;amd64&apos;, os.version: &apos;4.4.0-53-generic&apos;, java.version: &apos;1.8.0_111&apos;
Driver info: org.openqa.selenium.chrome.ChromeDriver
Capabilities [{applicationCacheEnabled=false, rotatable=false, mobileEmulationEnabled=false, networkConnectionEnabled=false, chrome={chromedriverVersion=2.24.417424 (c5c5ea873213ee72e3d0929b47482681555340c3), userDataDir=/tmp/.org.chromium.Chromium.EsXb8g}, takesHeapSnapshot=true, pageLoadStrategy=normal, databaseEnabled=false, handlesAlerts=true, hasTouchScreen=false, version=55.0.2883.75, platform=LINUX, browserConnectionEnabled=false, nativeEvents=true, acceptSslCerts=true, locationContextEnabled=true, webStorageEnabled=true, browserName=chrome, takesScreenshot=true, javascriptEnabled=true, cssSelectorsEnabled=true}]
Session ID: c57705868af38606afd56ffb9a51eed1
*** Element info: {Using=partial link text, value=BE.0000001}
	at sun.reflect.NativeConstructorAccessorImpl.newInstance0(Native Method)
	at sun.reflect.NativeConstructorAccessorImpl.newInstance(NativeConstructorAccessorImpl.java:62)
	at sun.reflect.DelegatingConstructorAccessorImpl.newInstance(DelegatingConstructorAccessorImpl.java:45)
	at java.lang.reflect.Constructor.newInstance(Constructor.java:423)
	at org.openqa.selenium.remote.ErrorHandler.createThrowable(ErrorHandler.java:206)
	at org.openqa.selenium.remote.ErrorHandler.throwIfResponseFailed(ErrorHandler.java:158)
	at org.openqa.selenium.remote.RemoteWebDriver.execute(RemoteWebDriver.java:678)
	at org.openqa.selenium.remote.RemoteWebDriver.findElement(RemoteWebDriver.java:363)
	at org.openqa.selenium.remote.RemoteWebDriver.findElementByPartialLinkText(RemoteWebDriver.java:436)
	at org.openqa.selenium.By$ByPartialLinkText.findElement(By.java:273)
	at org.openqa.selenium.remote.RemoteWebDriver.findElement(RemoteWebDriver.java:355)
	at nl.naturalis.selenium.crs.pages.DetailBeschrijvingenPage.selectStandardStorageUnit(DetailBeschrijvingenPage.java:470)
	at nl.naturalis.selenium.crs.tests.Test02.checkEnterStorageUnits(Test02.java:727)
	at sun.reflect.NativeMethodAccessorImpl.invoke0(Native Method)
	at sun.reflect.NativeMethodAccessorImpl.invoke(NativeMethodAccessorImpl.java:62)
	at sun.reflect.DelegatingMethodAccessorImpl.invoke(DelegatingMethodAccessorImpl.java:43)
	at java.lang.reflect.Method.invoke(Method.java:498)
	at org.testng.internal.MethodInvocationHelper.invokeMethod(MethodInvocationHelper.java:80)
	at org.testng.internal.Invoker.invokeMethod(Invoker.java:714)
	at org.testng.internal.Invoker.invokeTestMethod(Invoker.java:901)
	at org.testng.internal.Invoker.invokeTestMethods(Invoker.java:1231)
	at org.testng.internal.TestMethodWorker.invokeTestMethods(TestMethodWorker.java:127)
	at org.testng.internal.TestMethodWorker.run(TestMethodWorker.java:111)
	at org.testng.TestRunner.privateRun(TestRunner.java:767)
	at org.testng.TestRunner.run(TestRunner.java:617)
	at org.testng.SuiteRunner.runTest(SuiteRunner.java:334)
	at org.testng.SuiteRunner.runSequentially(SuiteRunner.java:329)
	at org.testng.SuiteRunner.privateRun(SuiteRunner.java:291)
	at org.testng.SuiteRunner.run(SuiteRunner.java:240)
	at org.testng.SuiteRunnerWorker.runSuite(SuiteRunnerWorker.java:52)
	at org.testng.SuiteRunnerWorker.run(SuiteRunnerWorker.java:86)
	at org.testng.TestNG.runSuitesSequentially(TestNG.java:1198)
	at org.testng.TestNG.runSuitesLocally(TestNG.java:1123)
	at org.testng.TestNG.run(TestNG.java:1031)
	at org.testng.remote.AbstractRemoteTestNG.run(AbstractRemoteTestNG.java:132)
	at org.testng.remote.RemoteTestNG.initAndRun(RemoteTestNG.java:236)
	at org.testng.remote.RemoteTestNG.main(RemoteTestNG.java:81)
</pre></div></td>
<td>1</td>
<td>nl.naturalis.selenium.crs.tests.Test02@3ffc5af1</td></tr>
<tr>
<td title='nl.naturalis.selenium.crs.tests.Test02.checkIncorrectSubmissionValueTest1A()'><b>checkIncorrectSubmissionValueTest1A</b><br>Test class: nl.naturalis.selenium.crs.tests.Test02</td>
<td><div><pre>org.openqa.selenium.NoSuchElementException: no such element: Unable to locate element: {&quot;method&quot;:&quot;xpath&quot;,&quot;selector&quot;:&quot;//input[@atfid=&apos;add_ncrs_specimen_inst_coll_subcoll?selectfield&apos;]/parent::span/parent::td/img[@class=&apos;errorImage&apos;]&quot;}
  (Session info: chrome=55.0.2883.75)
  (Driver info: chromedriver=2.24.417424 (c5c5ea873213ee72e3d0929b47482681555340c3),platform=Linux 4.4.0-53-generic x86_64) (WARNING: The server did not provide any stacktrace information)
Command duration or timeout: 1.06 seconds
For documentation on this error, please visit: http://seleniumhq.org/exceptions/no_such_element.html
Build info: version: &apos;2.53.1&apos;, revision: &apos;a36b8b1cd5757287168e54b817830adce9b0158d&apos;, time: &apos;2016-06-30 19:26:09&apos;
System info: host: &apos;LT005461&apos;, ip: &apos;127.0.1.1&apos;, os.name: &apos;Linux&apos;, os.arch: &apos;amd64&apos;, os.version: &apos;4.4.0-53-generic&apos;, java.version: &apos;1.8.0_111&apos;
Driver info: org.openqa.selenium.chrome.ChromeDriver
Capabilities [{applicationCacheEnabled=false, rotatable=false, mobileEmulationEnabled=false, networkConnectionEnabled=false, chrome={chromedriverVersion=2.24.417424 (c5c5ea873213ee72e3d0929b47482681555340c3), userDataDir=/tmp/.org.chromium.Chromium.EsXb8g}, takesHeapSnapshot=true, pageLoadStrategy=normal, databaseEnabled=false, handlesAlerts=true, hasTouchScreen=false, version=55.0.2883.75, platform=LINUX, browserConnectionEnabled=false, nativeEvents=true, acceptSslCerts=true, locationContextEnabled=true, webStorageEnabled=true, browserName=chrome, takesScreenshot=true, javascriptEnabled=true, cssSelectorsEnabled=true}]
Session ID: c57705868af38606afd56ffb9a51eed1
*** Element info: {Using=xpath, value=//input[@atfid=&apos;add_ncrs_specimen_inst_coll_subcoll?selectfield&apos;]/parent::span/parent::td/img[@class=&apos;errorImage&apos;]}
	at sun.reflect.NativeConstructorAccessorImpl.newInstance0(Native Method)
	at sun.reflect.NativeConstructorAccessorImpl.newInstance(NativeConstructorAccessorImpl.java:62)
	at sun.reflect.DelegatingConstructorAccessorImpl.newInstance(DelegatingConstructorAccessorImpl.java:45)
	at java.lang.reflect.Constructor.newInstance(Constructor.java:423)
	at org.openqa.selenium.remote.ErrorHandler.createThrowable(ErrorHandler.java:206)
	at org.openqa.selenium.remote.ErrorHandler.throwIfResponseFailed(ErrorHandler.java:158)
	at org.openqa.selenium.remote.RemoteWebDriver.execute(RemoteWebDriver.java:678)
	at org.openqa.selenium.remote.RemoteWebDriver.findElement(RemoteWebDriver.java:363)
	at org.openqa.selenium.remote.RemoteWebDriver.findElementByXPath(RemoteWebDriver.java:500)
	at org.openqa.selenium.By$ByXPath.findElement(By.java:361)
	at org.openqa.selenium.remote.RemoteWebDriver.findElement(RemoteWebDriver.java:355)
	at org.openqa.selenium.support.pagefactory.DefaultElementLocator.findElement(DefaultElementLocator.java:69)
	at org.openqa.selenium.support.pagefactory.internal.LocatingElementHandler.invoke(LocatingElementHandler.java:38)
	at com.sun.proxy.$Proxy8.getAttribute(Unknown Source)
	at nl.naturalis.selenium.crs.pages.DetailBeschrijvingenPage.getIconInfo(DetailBeschrijvingenPage.java:821)
	at nl.naturalis.selenium.crs.tests.Test02.checkIncorrectSubmissionValueTest1A(Test02.java:292)
	at sun.reflect.NativeMethodAccessorImpl.invoke0(Native Method)
	at sun.reflect.NativeMethodAccessorImpl.invoke(NativeMethodAccessorImpl.java:62)
	at sun.reflect.DelegatingMethodAccessorImpl.invoke(DelegatingMethodAccessorImpl.java:43)
	at java.lang.reflect.Method.invoke(Method.java:498)
	at org.testng.internal.MethodInvocationHelper.invokeMethod(MethodInvocationHelper.java:80)
	at org.testng.internal.Invoker.invokeMethod(Invoker.java:714)
	at org.testng.internal.Invoker.invokeTestMethod(Invoker.java:901)
	at org.testng.internal.Invoker.invokeTestMethods(Invoker.java:1231)
	at org.testng.internal.TestMethodWorker.invokeTestMethods(TestMethodWorker.java:127)
	at org.testng.internal.TestMethodWorker.run(TestMethodWorker.java:111)
	at org.testng.TestRunner.privateRun(TestRunner.java:767)
	at org.testng.TestRunner.run(TestRunner.java:617)
	at org.testng.SuiteRunner.runTest(SuiteRunner.java:334)
	at org.testng.SuiteRunner.runSequentially(SuiteRunner.java:329)
	at org.testng.SuiteRunner.privateRun(SuiteRunner.java:291)
	at org.testng.SuiteRunner.run(SuiteRunner.java:240)
	at org.testng.SuiteRunnerWorker.runSuite(SuiteRunnerWorker.java:52)
	at org.testng.SuiteRunnerWorker.run(SuiteRunnerWorker.java:86)
	at org.testng.TestNG.runSuitesSequentially(TestNG.java:1198)
	at org.testng.TestNG.runSuitesLocally(TestNG.java:1123)
	at org.testng.TestNG.run(TestNG.java:1031)
	at org.testng.remote.AbstractRemoteTestNG.run(AbstractRemoteTestNG.java:132)
	at org.testng.remote.RemoteTestNG.initAndRun(RemoteTestNG.java:236)
	at org.testng.remote.RemoteTestNG.main(RemoteTestNG.java:81)
</pre></div><a href='#' onClick='toggleBox("stack-trace1023268896", this, "Click to show all stack frames", "Click to hide stack frames")'>Click to show all stack frames</a>
<div class='stack-trace' id='stack-trace1023268896'><pre>org.openqa.selenium.NoSuchElementException: no such element: Unable to locate element: {&quot;method&quot;:&quot;xpath&quot;,&quot;selector&quot;:&quot;//input[@atfid=&apos;add_ncrs_specimen_inst_coll_subcoll?selectfield&apos;]/parent::span/parent::td/img[@class=&apos;errorImage&apos;]&quot;}
  (Session info: chrome=55.0.2883.75)
  (Driver info: chromedriver=2.24.417424 (c5c5ea873213ee72e3d0929b47482681555340c3),platform=Linux 4.4.0-53-generic x86_64) (WARNING: The server did not provide any stacktrace information)
Command duration or timeout: 1.06 seconds
For documentation on this error, please visit: http://seleniumhq.org/exceptions/no_such_element.html
Build info: version: &apos;2.53.1&apos;, revision: &apos;a36b8b1cd5757287168e54b817830adce9b0158d&apos;, time: &apos;2016-06-30 19:26:09&apos;
System info: host: &apos;LT005461&apos;, ip: &apos;127.0.1.1&apos;, os.name: &apos;Linux&apos;, os.arch: &apos;amd64&apos;, os.version: &apos;4.4.0-53-generic&apos;, java.version: &apos;1.8.0_111&apos;
Driver info: org.openqa.selenium.chrome.ChromeDriver
Capabilities [{applicationCacheEnabled=false, rotatable=false, mobileEmulationEnabled=false, networkConnectionEnabled=false, chrome={chromedriverVersion=2.24.417424 (c5c5ea873213ee72e3d0929b47482681555340c3), userDataDir=/tmp/.org.chromium.Chromium.EsXb8g}, takesHeapSnapshot=true, pageLoadStrategy=normal, databaseEnabled=false, handlesAlerts=true, hasTouchScreen=false, version=55.0.2883.75, platform=LINUX, browserConnectionEnabled=false, nativeEvents=true, acceptSslCerts=true, locationContextEnabled=true, webStorageEnabled=true, browserName=chrome, takesScreenshot=true, javascriptEnabled=true, cssSelectorsEnabled=true}]
Session ID: c57705868af38606afd56ffb9a51eed1
*** Element info: {Using=xpath, value=//input[@atfid=&apos;add_ncrs_specimen_inst_coll_subcoll?selectfield&apos;]/parent::span/parent::td/img[@class=&apos;errorImage&apos;]}
	at sun.reflect.NativeConstructorAccessorImpl.newInstance0(Native Method)
	at sun.reflect.NativeConstructorAccessorImpl.newInstance(NativeConstructorAccessorImpl.java:62)
	at sun.reflect.DelegatingConstructorAccessorImpl.newInstance(DelegatingConstructorAccessorImpl.java:45)
	at java.lang.reflect.Constructor.newInstance(Constructor.java:423)
	at org.openqa.selenium.remote.ErrorHandler.createThrowable(ErrorHandler.java:206)
	at org.openqa.selenium.remote.ErrorHandler.throwIfResponseFailed(ErrorHandler.java:158)
	at org.openqa.selenium.remote.RemoteWebDriver.execute(RemoteWebDriver.java:678)
	at org.openqa.selenium.remote.RemoteWebDriver.findElement(RemoteWebDriver.java:363)
	at org.openqa.selenium.remote.RemoteWebDriver.findElementByXPath(RemoteWebDriver.java:500)
	at org.openqa.selenium.By$ByXPath.findElement(By.java:361)
	at org.openqa.selenium.remote.RemoteWebDriver.findElement(RemoteWebDriver.java:355)
	at org.openqa.selenium.support.pagefactory.DefaultElementLocator.findElement(DefaultElementLocator.java:69)
	at org.openqa.selenium.support.pagefactory.internal.LocatingElementHandler.invoke(LocatingElementHandler.java:38)
	at com.sun.proxy.$Proxy8.getAttribute(Unknown Source)
	at nl.naturalis.selenium.crs.pages.DetailBeschrijvingenPage.getIconInfo(DetailBeschrijvingenPage.java:821)
	at nl.naturalis.selenium.crs.tests.Test02.checkIncorrectSubmissionValueTest1A(Test02.java:292)
	at sun.reflect.NativeMethodAccessorImpl.invoke0(Native Method)
	at sun.reflect.NativeMethodAccessorImpl.invoke(NativeMethodAccessorImpl.java:62)
	at sun.reflect.DelegatingMethodAccessorImpl.invoke(DelegatingMethodAccessorImpl.java:43)
	at java.lang.reflect.Method.invoke(Method.java:498)
	at org.testng.internal.MethodInvocationHelper.invokeMethod(MethodInvocationHelper.java:80)
	at org.testng.internal.Invoker.invokeMethod(Invoker.java:714)
	at org.testng.internal.Invoker.invokeTestMethod(Invoker.java:901)
	at org.testng.internal.Invoker.invokeTestMethods(Invoker.java:1231)
	at org.testng.internal.TestMethodWorker.invokeTestMethods(TestMethodWorker.java:127)
	at org.testng.internal.TestMethodWorker.run(TestMethodWorker.java:111)
	at org.testng.TestRunner.privateRun(TestRunner.java:767)
	at org.testng.TestRunner.run(TestRunner.java:617)
	at org.testng.SuiteRunner.runTest(SuiteRunner.java:334)
	at org.testng.SuiteRunner.runSequentially(SuiteRunner.java:329)
	at org.testng.SuiteRunner.privateRun(SuiteRunner.java:291)
	at org.testng.SuiteRunner.run(SuiteRunner.java:240)
	at org.testng.SuiteRunnerWorker.runSuite(SuiteRunnerWorker.java:52)
	at org.testng.SuiteRunnerWorker.run(SuiteRunnerWorker.java:86)
	at org.testng.TestNG.runSuitesSequentially(TestNG.java:1198)
	at org.testng.TestNG.runSuitesLocally(TestNG.java:1123)
	at org.testng.TestNG.run(TestNG.java:1031)
	at org.testng.remote.AbstractRemoteTestNG.run(AbstractRemoteTestNG.java:132)
	at org.testng.remote.RemoteTestNG.initAndRun(RemoteTestNG.java:236)
	at org.testng.remote.RemoteTestNG.main(RemoteTestNG.java:81)
</pre></div></td>
<td>2</td>
<td>nl.naturalis.selenium.crs.tests.Test02@3ffc5af1</td></tr>
</table><p>
<table width='100%' border='1' class='invocation-passed'>
<tr><td colspan='4' align='center'><b>PASSED TESTS</b></td></tr>
<tr><td><b>Test method</b></td>
<td width="30%"><b>Exception</b></td>
<td width="10%"><b>Time (seconds)</b></td>
<td><b>Instance</b></td>
</tr>
<tr>
<td title='nl.naturalis.selenium.crs.tests.Test02.checkAutosuggestStorageUnit()'><b>checkAutosuggestStorageUnit</b><br>Test class: nl.naturalis.selenium.crs.tests.Test02</td>
<td></td>
<td>0</td>
<td>nl.naturalis.selenium.crs.tests.Test02@3ffc5af1</td></tr>
<tr>
<td title='nl.naturalis.selenium.crs.tests.Test02.checkContextDisplay()'><b>checkContextDisplay</b><br>Test class: nl.naturalis.selenium.crs.tests.Test02</td>
<td></td>
<td>2</td>
<td>nl.naturalis.selenium.crs.tests.Test02@3ffc5af1</td></tr>
<tr>
<td title='nl.naturalis.selenium.crs.tests.Test02.checkCreateRegistrationNumber()'><b>checkCreateRegistrationNumber</b><br>Test class: nl.naturalis.selenium.crs.tests.Test02</td>
<td></td>
<td>2</td>
<td>nl.naturalis.selenium.crs.tests.Test02@3ffc5af1</td></tr>
<tr>
<td title='nl.naturalis.selenium.crs.tests.Test02.checkCreateRegistrationNumberWithE()'><b>checkCreateRegistrationNumberWithE</b><br>Test class: nl.naturalis.selenium.crs.tests.Test02</td>
<td></td>
<td>0</td>
<td>nl.naturalis.selenium.crs.tests.Test02@3ffc5af1</td></tr>
<tr>
<td title='nl.naturalis.selenium.crs.tests.Test02.checkEnterRegistrationNumberWithE()'><b>checkEnterRegistrationNumberWithE</b><br>Test class: nl.naturalis.selenium.crs.tests.Test02</td>
<td></td>
<td>0</td>
<td>nl.naturalis.selenium.crs.tests.Test02@3ffc5af1</td></tr>
<tr>
<td title='nl.naturalis.selenium.crs.tests.Test02.checkEnterRegistrationNumberWithoutE()'><b>checkEnterRegistrationNumberWithoutE</b><br>Test class: nl.naturalis.selenium.crs.tests.Test02</td>
<td></td>
<td>0</td>
<td>nl.naturalis.selenium.crs.tests.Test02@3ffc5af1</td></tr>
<tr>
<td title='nl.naturalis.selenium.crs.tests.Test02.checkIconInfo()'><b>checkIconInfo</b><br>Test class: nl.naturalis.selenium.crs.tests.Test02</td>
<td></td>
<td>1</td>
<td>nl.naturalis.selenium.crs.tests.Test02@3ffc5af1</td></tr>
<tr>
<td title='nl.naturalis.selenium.crs.tests.Test02.checkIllegalValuesStorageLocations()'><b>checkIllegalValuesStorageLocations</b><br>Test class: nl.naturalis.selenium.crs.tests.Test02</td>
<td></td>
<td>1</td>
<td>nl.naturalis.selenium.crs.tests.Test02@3ffc5af1</td></tr>
<tr>
<td title='nl.naturalis.selenium.crs.tests.Test02.checkIllegalValuesStorageUnit()'><b>checkIllegalValuesStorageUnit</b><br>Test class: nl.naturalis.selenium.crs.tests.Test02</td>
<td></td>
<td>2</td>
<td>nl.naturalis.selenium.crs.tests.Test02@3ffc5af1</td></tr>
<tr>
<td title='nl.naturalis.selenium.crs.tests.Test02.checkIncorrectSubmissionValueTest1B()'><b>checkIncorrectSubmissionValueTest1B</b><br>Test class: nl.naturalis.selenium.crs.tests.Test02</td>
<td></td>
<td>1</td>
<td>nl.naturalis.selenium.crs.tests.Test02@3ffc5af1</td></tr>
<tr>
<td title='nl.naturalis.selenium.crs.tests.Test02.checkIncorrectSubmissionValueTest1C()'><b>checkIncorrectSubmissionValueTest1C</b><br>Test class: nl.naturalis.selenium.crs.tests.Test02</td>
<td></td>
<td>1</td>
<td>nl.naturalis.selenium.crs.tests.Test02@3ffc5af1</td></tr>
<tr>
<td title='nl.naturalis.selenium.crs.tests.Test02.checkIncorrectSubmissionValueTest2A()'><b>checkIncorrectSubmissionValueTest2A</b><br>Test class: nl.naturalis.selenium.crs.tests.Test02</td>
<td></td>
<td>1</td>
<td>nl.naturalis.selenium.crs.tests.Test02@3ffc5af1</td></tr>
<tr>
<td title='nl.naturalis.selenium.crs.tests.Test02.checkIncorrectSubmissionValueTest2B()'><b>checkIncorrectSubmissionValueTest2B</b><br>Test class: nl.naturalis.selenium.crs.tests.Test02</td>
<td></td>
<td>1</td>
<td>nl.naturalis.selenium.crs.tests.Test02@3ffc5af1</td></tr>
<tr>
<td title='nl.naturalis.selenium.crs.tests.Test02.checkIncorrectSubmissionValueTest2C()'><b>checkIncorrectSubmissionValueTest2C</b><br>Test class: nl.naturalis.selenium.crs.tests.Test02</td>
<td></td>
<td>1</td>
<td>nl.naturalis.selenium.crs.tests.Test02@3ffc5af1</td></tr>
<tr>
<td title='nl.naturalis.selenium.crs.tests.Test02.checkIncorrectSubmissionValueTest3A()'><b>checkIncorrectSubmissionValueTest3A</b><br>Test class: nl.naturalis.selenium.crs.tests.Test02</td>
<td></td>
<td>1</td>
<td>nl.naturalis.selenium.crs.tests.Test02@3ffc5af1</td></tr>
<tr>
<td title='nl.naturalis.selenium.crs.tests.Test02.checkIncorrectSubmissionValueTest3B()'><b>checkIncorrectSubmissionValueTest3B</b><br>Test class: nl.naturalis.selenium.crs.tests.Test02</td>
<td></td>
<td>1</td>
<td>nl.naturalis.selenium.crs.tests.Test02@3ffc5af1</td></tr>
<tr>
<td title='nl.naturalis.selenium.crs.tests.Test02.checkIncorrectSubmissionValueTest3C()'><b>checkIncorrectSubmissionValueTest3C</b><br>Test class: nl.naturalis.selenium.crs.tests.Test02</td>
<td></td>
<td>1</td>
<td>nl.naturalis.selenium.crs.tests.Test02@3ffc5af1</td></tr>
<tr>
<td title='nl.naturalis.selenium.crs.tests.Test02.checkIncorrectSubmissionValueTest4A()'><b>checkIncorrectSubmissionValueTest4A</b><br>Test class: nl.naturalis.selenium.crs.tests.Test02</td>
<td></td>
<td>1</td>
<td>nl.naturalis.selenium.crs.tests.Test02@3ffc5af1</td></tr>
<tr>
<td title='nl.naturalis.selenium.crs.tests.Test02.checkIncorrectSubmissionValueTest4B()'><b>checkIncorrectSubmissionValueTest4B</b><br>Test class: nl.naturalis.selenium.crs.tests.Test02</td>
<td></td>
<td>1</td>
<td>nl.naturalis.selenium.crs.tests.Test02@3ffc5af1</td></tr>
<tr>
<td title='nl.naturalis.selenium.crs.tests.Test02.checkIncorrectSubmissionValueTest4C()'><b>checkIncorrectSubmissionValueTest4C</b><br>Test class: nl.naturalis.selenium.crs.tests.Test02</td>
<td></td>
<td>1</td>
<td>nl.naturalis.selenium.crs.tests.Test02@3ffc5af1</td></tr>
<tr>
<td title='nl.naturalis.selenium.crs.tests.Test02.checkNumber()'><b>checkNumber</b><br>Test class: nl.naturalis.selenium.crs.tests.Test02</td>
<td></td>
<td>0</td>
<td>nl.naturalis.selenium.crs.tests.Test02@3ffc5af1</td></tr>
<tr>
<td title='nl.naturalis.selenium.crs.tests.Test02.checkPrefix()'><b>checkPrefix</b><br>Test class: nl.naturalis.selenium.crs.tests.Test02</td>
<td></td>
<td>2</td>
<td>nl.naturalis.selenium.crs.tests.Test02@3ffc5af1</td></tr>
<tr>
<td title='nl.naturalis.selenium.crs.tests.Test02.checkRegistrationNumber()'><b>checkRegistrationNumber</b><br>Test class: nl.naturalis.selenium.crs.tests.Test02</td>
<td></td>
<td>2</td>
<td>nl.naturalis.selenium.crs.tests.Test02@3ffc5af1</td></tr>
<tr>
<td title='nl.naturalis.selenium.crs.tests.Test02.checkSuffix()'><b>checkSuffix</b><br>Test class: nl.naturalis.selenium.crs.tests.Test02</td>
<td></td>
<td>0</td>
<td>nl.naturalis.selenium.crs.tests.Test02@3ffc5af1</td></tr>
<tr>
<td title='nl.naturalis.selenium.crs.tests.Test02.checkTextEntryBasisOfRecord()'><b>checkTextEntryBasisOfRecord</b><br>Test class: nl.naturalis.selenium.crs.tests.Test02</td>
<td></td>
<td>1</td>
<td>nl.naturalis.selenium.crs.tests.Test02@3ffc5af1</td></tr>
<tr>
<td title='nl.naturalis.selenium.crs.tests.Test02.checkTextEntryCurrentCollectionName()'><b>checkTextEntryCurrentCollectionName</b><br>Test class: nl.naturalis.selenium.crs.tests.Test02</td>
<td></td>
<td>1</td>
<td>nl.naturalis.selenium.crs.tests.Test02@3ffc5af1</td></tr>
<tr>
<td title='nl.naturalis.selenium.crs.tests.Test02.checkTextEntryMount()'><b>checkTextEntryMount</b><br>Test class: nl.naturalis.selenium.crs.tests.Test02</td>
<td></td>
<td>1</td>
<td>nl.naturalis.selenium.crs.tests.Test02@3ffc5af1</td></tr>
<tr>
<td title='nl.naturalis.selenium.crs.tests.Test02.checkTextEntryPreservedPart()'><b>checkTextEntryPreservedPart</b><br>Test class: nl.naturalis.selenium.crs.tests.Test02</td>
<td></td>
<td>1</td>
<td>nl.naturalis.selenium.crs.tests.Test02@3ffc5af1</td></tr>
<tr>
<td title='nl.naturalis.selenium.crs.tests.Test02.checkThesaurusAndBinIcons()'><b>checkThesaurusAndBinIcons</b><br>Test class: nl.naturalis.selenium.crs.tests.Test02</td>
<td></td>
<td>2</td>
<td>nl.naturalis.selenium.crs.tests.Test02@3ffc5af1</td></tr>
<tr>
<td title='nl.naturalis.selenium.crs.tests.Test02.clickAddSpecimen()'><b>clickAddSpecimen</b><br>Test class: nl.naturalis.selenium.crs.tests.Test02</td>
<td></td>
<td>2</td>
<td>nl.naturalis.selenium.crs.tests.Test02@3ffc5af1</td></tr>
<tr>
<td title='nl.naturalis.selenium.crs.tests.Test02.detailPageOpen()'><b>detailPageOpen</b><br>Test class: nl.naturalis.selenium.crs.tests.Test02</td>
<td></td>
<td>0</td>
<td>nl.naturalis.selenium.crs.tests.Test02@3ffc5af1</td></tr>
<tr>
<td title='nl.naturalis.selenium.crs.tests.Test02.homePageDoLogin()'><b>homePageDoLogin</b><br>Test class: nl.naturalis.selenium.crs.tests.Test02</td>
<td></td>
<td>1</td>
<td>nl.naturalis.selenium.crs.tests.Test02@3ffc5af1</td></tr>
<tr>
<td title='nl.naturalis.selenium.crs.tests.Test02.homePageOpen()'><b>homePageOpen</b><br>Test class: nl.naturalis.selenium.crs.tests.Test02</td>
<td></td>
<td>0</td>
<td>nl.naturalis.selenium.crs.tests.Test02@3ffc5af1</td></tr>
<tr>
<td title='nl.naturalis.selenium.crs.tests.Test02.openFormSelect()'><b>openFormSelect</b><br>Test class: nl.naturalis.selenium.crs.tests.Test02</td>
<td></td>
<td>0</td>
<td>nl.naturalis.selenium.crs.tests.Test02@3ffc5af1</td></tr>
<tr>
<td title='nl.naturalis.selenium.crs.tests.Test02.selectSpecifiedForm()'><b>selectSpecifiedForm</b><br>Test class: nl.naturalis.selenium.crs.tests.Test02</td>
<td></td>
<td>0</td>
<td>nl.naturalis.selenium.crs.tests.Test02@3ffc5af1</td></tr>
<tr>
<td title='nl.naturalis.selenium.crs.tests.Test02.startPageTitle()'><b>startPageTitle</b><br>Test class: nl.naturalis.selenium.crs.tests.Test02</td>
<td></td>
<td>0</td>
<td>nl.naturalis.selenium.crs.tests.Test02@3ffc5af1</td></tr>
</table><p>
</body>
</html>