<?xml version="1.0" encoding="UTF-8"?>
<!-- Generated by org.testng.reporters.JUnitXMLReporter -->
<testsuite hostname="LT005461" name="Default test" tests="33" failures="1" timestamp="6 Dec 2016 14:04:32 GMT" time="47.188" errors="0">
  <testcase name="homePageOpen" time="0.053" classname="nl.naturalis.selenium.crs.tests.Test02"/>
  <testcase name="homePageDoLogin" time="1.306" classname="nl.naturalis.selenium.crs.tests.Test02"/>
  <testcase name="startPageTitle" time="0.025" classname="nl.naturalis.selenium.crs.tests.Test02"/>
  <testcase name="clickAddSpecimen" time="2.822" classname="nl.naturalis.selenium.crs.tests.Test02"/>
  <testcase name="detailPageOpen" time="0.051" classname="nl.naturalis.selenium.crs.tests.Test02"/>
  <testcase name="openFormSelect" time="0.262" classname="nl.naturalis.selenium.crs.tests.Test02"/>
  <testcase name="selectSpecifiedForm" time="0.341" classname="nl.naturalis.selenium.crs.tests.Test02"/>
  <testcase name="checkIconInfo" time="1.866" classname="nl.naturalis.selenium.crs.tests.Test02"/>
  <testcase name="checkContextDisplay" time="2.177" classname="nl.naturalis.selenium.crs.tests.Test02"/>
  <testcase name="checkThesaurusAndBinIcons" time="2.168" classname="nl.naturalis.selenium.crs.tests.Test02"/>
  <testcase name="checkIncorrectSubmissionValueTest1A" time="2.21" classname="nl.naturalis.selenium.crs.tests.Test02">
    <failure type="org.openqa.selenium.NoSuchElementException" message="no such element: Unable to locate element: {&amp;quot;method&amp;quot;:&amp;quot;xpath&amp;quot;,&amp;quot;selector&amp;quot;:&amp;quot;//input[@atfid=&amp;apos;add_ncrs_specimen_inst_coll_subcoll?selectfield&amp;apos;]/parent::span/parent::td/img[@class=&amp;apos;errorImage&amp;apos;]&amp;quot;}
  (Session info: chrome=55.0.2883.75)
  (Driver info: chromedriver=2.24.417424 (c5c5ea873213ee72e3d0929b47482681555340c3),platform=Linux 4.4.0-53-generic x86_64) (WARNING: The server did not provide any stacktrace information)
Command duration or timeout: 1.02 seconds
For documentation on this error, please visit: http://seleniumhq.org/exceptions/no_such_element.html
Build info: version: &amp;apos;2.53.1&amp;apos;, revision: &amp;apos;a36b8b1cd5757287168e54b817830adce9b0158d&amp;apos;, time: &amp;apos;2016-06-30 19:26:09&amp;apos;
System info: host: &amp;apos;LT005461&amp;apos;, ip: &amp;apos;127.0.1.1&amp;apos;, os.name: &amp;apos;Linux&amp;apos;, os.arch: &amp;apos;amd64&amp;apos;, os.version: &amp;apos;4.4.0-53-generic&amp;apos;, java.version: &amp;apos;1.8.0_111&amp;apos;
Driver info: org.openqa.selenium.chrome.ChromeDriver
Capabilities [{applicationCacheEnabled=false, rotatable=false, mobileEmulationEnabled=false, networkConnectionEnabled=false, chrome={chromedriverVersion=2.24.417424 (c5c5ea873213ee72e3d0929b47482681555340c3), userDataDir=/tmp/.org.chromium.Chromium.9P42Xw}, takesHeapSnapshot=true, pageLoadStrategy=normal, databaseEnabled=false, handlesAlerts=true, hasTouchScreen=false, version=55.0.2883.75, platform=LINUX, browserConnectionEnabled=false, nativeEvents=true, acceptSslCerts=true, locationContextEnabled=true, webStorageEnabled=true, browserName=chrome, takesScreenshot=true, javascriptEnabled=true, cssSelectorsEnabled=true}]
Session ID: 37bb66805f2e30c00baf936400fa8cfa
*** Element info: {Using=xpath, value=//input[@atfid=&amp;apos;add_ncrs_specimen_inst_coll_subcoll?selectfield&amp;apos;]/parent::span/parent::td/img[@class=&amp;apos;errorImage&amp;apos;]}">
      <![CDATA[org.openqa.selenium.NoSuchElementException: no such element: Unable to locate element: {"method":"xpath","selector":"//input[@atfid='add_ncrs_specimen_inst_coll_subcoll?selectfield']/parent::span/parent::td/img[@class='errorImage']"}
  (Session info: chrome=55.0.2883.75)
  (Driver info: chromedriver=2.24.417424 (c5c5ea873213ee72e3d0929b47482681555340c3),platform=Linux 4.4.0-53-generic x86_64) (WARNING: The server did not provide any stacktrace information)
Command duration or timeout: 1.02 seconds
For documentation on this error, please visit: http://seleniumhq.org/exceptions/no_such_element.html
Build info: version: '2.53.1', revision: 'a36b8b1cd5757287168e54b817830adce9b0158d', time: '2016-06-30 19:26:09'
System info: host: 'LT005461', ip: '127.0.1.1', os.name: 'Linux', os.arch: 'amd64', os.version: '4.4.0-53-generic', java.version: '1.8.0_111'
Driver info: org.openqa.selenium.chrome.ChromeDriver
Capabilities [{applicationCacheEnabled=false, rotatable=false, mobileEmulationEnabled=false, networkConnectionEnabled=false, chrome={chromedriverVersion=2.24.417424 (c5c5ea873213ee72e3d0929b47482681555340c3), userDataDir=/tmp/.org.chromium.Chromium.9P42Xw}, takesHeapSnapshot=true, pageLoadStrategy=normal, databaseEnabled=false, handlesAlerts=true, hasTouchScreen=false, version=55.0.2883.75, platform=LINUX, browserConnectionEnabled=false, nativeEvents=true, acceptSslCerts=true, locationContextEnabled=true, webStorageEnabled=true, browserName=chrome, takesScreenshot=true, javascriptEnabled=true, cssSelectorsEnabled=true}]
Session ID: 37bb66805f2e30c00baf936400fa8cfa
*** Element info: {Using=xpath, value=//input[@atfid='add_ncrs_specimen_inst_coll_subcoll?selectfield']/parent::span/parent::td/img[@class='errorImage']}
	at sun.reflect.NativeConstructorAccessorImpl.newInstance0(Native Method)
	at sun.reflect.NativeConstructorAccessorImpl.newInstance(NativeConstructorAccessorImpl.java:62)
	at sun.reflect.DelegatingConstructorAccessorImpl.newInstance(DelegatingConstructorAccessorImpl.java:45)
	at java.lang.reflect.Constructor.newInstance(Constructor.java:423)
	at org.openqa.selenium.remote.ErrorHandler.createThrowable(ErrorHandler.java:206)
	at org.openqa.selenium.remote.ErrorHandler.throwIfResponseFailed(ErrorHandler.java:158)
	at org.openqa.selenium.remote.RemoteWebDriver.execute(RemoteWebDriver.java:678)
	at org.openqa.selenium.remote.RemoteWebDriver.findElement(RemoteWebDriver.java:363)
	at org.openqa.selenium.remote.RemoteWebDriver.findElementByXPath(RemoteWebDriver.java:500)
	at org.openqa.selenium.By$ByXPath.findElement(By.java:361)
	at org.openqa.selenium.remote.RemoteWebDriver.findElement(RemoteWebDriver.java:355)
	at org.openqa.selenium.support.pagefactory.DefaultElementLocator.findElement(DefaultElementLocator.java:69)
	at org.openqa.selenium.support.pagefactory.internal.LocatingElementHandler.invoke(LocatingElementHandler.java:38)
	at com.sun.proxy.$Proxy8.getAttribute(Unknown Source)
	at nl.naturalis.selenium.crs.pages.DetailBeschrijvingenPage.getIconInfo(DetailBeschrijvingenPage.java:649)
	at nl.naturalis.selenium.crs.tests.Test02.checkIncorrectSubmissionValueTest1A(Test02.java:292)
	at sun.reflect.NativeMethodAccessorImpl.invoke0(Native Method)
	at sun.reflect.NativeMethodAccessorImpl.invoke(NativeMethodAccessorImpl.java:62)
	at sun.reflect.DelegatingMethodAccessorImpl.invoke(DelegatingMethodAccessorImpl.java:43)
	at java.lang.reflect.Method.invoke(Method.java:498)
	at org.testng.internal.MethodInvocationHelper.invokeMethod(MethodInvocationHelper.java:80)
	at org.testng.internal.Invoker.invokeMethod(Invoker.java:714)
	at org.testng.internal.Invoker.invokeTestMethod(Invoker.java:901)
	at org.testng.internal.Invoker.invokeTestMethods(Invoker.java:1231)
	at org.testng.internal.TestMethodWorker.invokeTestMethods(TestMethodWorker.java:127)
	at org.testng.internal.TestMethodWorker.run(TestMethodWorker.java:111)
	at org.testng.TestRunner.privateRun(TestRunner.java:767)
	at org.testng.TestRunner.run(TestRunner.java:617)
	at org.testng.SuiteRunner.runTest(SuiteRunner.java:334)
	at org.testng.SuiteRunner.runSequentially(SuiteRunner.java:329)
	at org.testng.SuiteRunner.privateRun(SuiteRunner.java:291)
	at org.testng.SuiteRunner.run(SuiteRunner.java:240)
	at org.testng.SuiteRunnerWorker.runSuite(SuiteRunnerWorker.java:52)
	at org.testng.SuiteRunnerWorker.run(SuiteRunnerWorker.java:86)
	at org.testng.TestNG.runSuitesSequentially(TestNG.java:1198)
	at org.testng.TestNG.runSuitesLocally(TestNG.java:1123)
	at org.testng.TestNG.run(TestNG.java:1031)
	at org.testng.remote.AbstractRemoteTestNG.run(AbstractRemoteTestNG.java:132)
	at org.testng.remote.RemoteTestNG.initAndRun(RemoteTestNG.java:236)
	at org.testng.remote.RemoteTestNG.main(RemoteTestNG.java:81)
]]>
    </failure>
  </testcase> <!-- checkIncorrectSubmissionValueTest1A -->
  <testcase name="checkIncorrectSubmissionValueTest1B" time="1.805" classname="nl.naturalis.selenium.crs.tests.Test02"/>
  <testcase name="checkIncorrectSubmissionValueTest1C" time="1.112" classname="nl.naturalis.selenium.crs.tests.Test02"/>
  <testcase name="checkIncorrectSubmissionValueTest2A" time="1.243" classname="nl.naturalis.selenium.crs.tests.Test02"/>
  <testcase name="checkIncorrectSubmissionValueTest2B" time="1.763" classname="nl.naturalis.selenium.crs.tests.Test02"/>
  <testcase name="checkIncorrectSubmissionValueTest2C" time="1.107" classname="nl.naturalis.selenium.crs.tests.Test02"/>
  <testcase name="checkIncorrectSubmissionValueTest3A" time="1.241" classname="nl.naturalis.selenium.crs.tests.Test02"/>
  <testcase name="checkIncorrectSubmissionValueTest3B" time="1.735" classname="nl.naturalis.selenium.crs.tests.Test02"/>
  <testcase name="checkIncorrectSubmissionValueTest3C" time="1.108" classname="nl.naturalis.selenium.crs.tests.Test02"/>
  <testcase name="checkIncorrectSubmissionValueTest4A" time="1.262" classname="nl.naturalis.selenium.crs.tests.Test02"/>
  <testcase name="checkIncorrectSubmissionValueTest4B" time="1.722" classname="nl.naturalis.selenium.crs.tests.Test02"/>
  <testcase name="checkIncorrectSubmissionValueTest4C" time="1.106" classname="nl.naturalis.selenium.crs.tests.Test02"/>
  <testcase name="checkTextEntryCurrentCollectionName" time="1.377" classname="nl.naturalis.selenium.crs.tests.Test02"/>
  <testcase name="checkTextEntryBasisOfRecord" time="1.365" classname="nl.naturalis.selenium.crs.tests.Test02"/>
  <testcase name="checkTextEntryMount" time="1.376" classname="nl.naturalis.selenium.crs.tests.Test02"/>
  <testcase name="checkTextEntryPreservedPart" time="1.374" classname="nl.naturalis.selenium.crs.tests.Test02"/>
  <testcase name="checkPrefix" time="2.13" classname="nl.naturalis.selenium.crs.tests.Test02"/>
  <testcase name="checkNumber" time="0.115" classname="nl.naturalis.selenium.crs.tests.Test02"/>
  <testcase name="checkSuffix" time="0.162" classname="nl.naturalis.selenium.crs.tests.Test02"/>
  <testcase name="checkRegistrationNumber" time="4.201" classname="nl.naturalis.selenium.crs.tests.Test02"/>
  <testcase name="checkCreateRegistrationNumber" time="2.117" classname="nl.naturalis.selenium.crs.tests.Test02"/>
  <testcase name="checkCreateRegistrationNumberWithE" time="0.374" classname="nl.naturalis.selenium.crs.tests.Test02"/>
  <testcase name="checkEnterRegistrationNumberWithE" time="0.522" classname="nl.naturalis.selenium.crs.tests.Test02"/>
</testsuite> <!-- Default test -->
